{
 "cells": [
  {
   "cell_type": "markdown",
   "id": "f3e51057-9432-4574-9ee5-69760ecd806d",
   "metadata": {},
   "source": [
    "# Ligand ADMET and Potency (Property Prediction)\n",
    "\n",
    "The [ADMET](https://polarishub.io/competitions/asap-discovery/antiviral-admet-2025) and [Potency](https://polarishub.io/competitions/asap-discovery/antiviral-potency-2025) Challenge of the [ASAP Discovery competition](https://polarishub.io/blog/antiviral-competition) take the shape of a property prediction task. Given the SMILES (or, to be more precise, the CXSMILES) of a molecule, you are asked to predict the numerical properties of said molecule. This is a relatively straight-forward application of ML and this notebook will quickly get you up and running!\n",
    "\n",
    "To begin with, choose one of the two challenges! The code will look the same for both. "
   ]
  },
  {
   "cell_type": "code",
   "execution_count": 1,
   "id": "1a602a63-c1ac-4367-afd9-98ba3cc1850e",
   "metadata": {},
   "outputs": [],
   "source": [
    "import polaris as po\n",
    "from polaris.hub.client import PolarisHubClient\n",
    "import csv"
   ]
  },
  {
   "cell_type": "code",
   "execution_count": 2,
   "id": "d8d57b0e-2f15-4a81-b832-c7d9f547a7ec",
   "metadata": {},
   "outputs": [
    {
     "data": {
      "text/html": [
       "<pre style=\"white-space:pre;overflow-x:auto;line-height:normal;font-family:Menlo,'DejaVu Sans Mono',consolas,'Courier New',monospace\"><span style=\"color: #7fbfbf; text-decoration-color: #7fbfbf\">[2025-02-07 15:27:21] </span><span style=\"color: #000080; text-decoration-color: #000080\">INFO    </span> You are successfully logged in to the Polaris Hub.                     <a href=\"file:///home/valerij/miniconda3/envs/pol/lib/python3.12/site-packages/polaris/hub/client.py\" target=\"_blank\"><span style=\"color: #7f7f7f; text-decoration-color: #7f7f7f\">client.py</span></a><span style=\"color: #7f7f7f; text-decoration-color: #7f7f7f\">:</span><a href=\"file:///home/valerij/miniconda3/envs/pol/lib/python3.12/site-packages/polaris/hub/client.py#252\" target=\"_blank\"><span style=\"color: #7f7f7f; text-decoration-color: #7f7f7f\">252</span></a>\n",
       "</pre>\n"
      ],
      "text/plain": [
       "\u001b[2;36m[2025-02-07 15:27:21]\u001b[0m\u001b[2;36m \u001b[0m\u001b[34mINFO    \u001b[0m You are successfully logged in to the Polaris Hub.                     \u001b]8;id=951562;file:///home/valerij/miniconda3/envs/pol/lib/python3.12/site-packages/polaris/hub/client.py\u001b\\\u001b[2mclient.py\u001b[0m\u001b]8;;\u001b\\\u001b[2m:\u001b[0m\u001b]8;id=182094;file:///home/valerij/miniconda3/envs/pol/lib/python3.12/site-packages/polaris/hub/client.py#252\u001b\\\u001b[2m252\u001b[0m\u001b]8;;\u001b\\\n"
      ]
     },
     "metadata": {},
     "output_type": "display_data"
    }
   ],
   "source": [
    "client = PolarisHubClient()\n",
    "client.login()"
   ]
  },
  {
   "cell_type": "code",
   "execution_count": 3,
   "id": "c1e1f5a4-d7b4-41cc-a5fc-a657ca5fd6cf",
   "metadata": {},
   "outputs": [],
   "source": [
    "CHALLENGE = \"antiviral-potency-2025\"  # or: \"antiviral-potency-2025\""
   ]
  },
  {
   "cell_type": "markdown",
   "id": "2319bfb8-1fef-4294-a8f6-a225b7a95c09",
   "metadata": {},
   "source": [
    "## Load the competition\n",
    "\n",
    "Let's first load the competition from Polaris.\n",
    "\n",
    "Make sure you are logged in! If not, simply run `polaris login` and follow the instructions. "
   ]
  },
  {
   "cell_type": "code",
   "execution_count": 4,
   "id": "0a466c50-5408-4f72-840c-b467ca5f0f3f",
   "metadata": {},
   "outputs": [
    {
     "data": {
      "text/html": [
       "<pre style=\"white-space:pre;overflow-x:auto;line-height:normal;font-family:Menlo,'DejaVu Sans Mono',consolas,'Courier New',monospace\"><span style=\"color: #7fbfbf; text-decoration-color: #7fbfbf\">[2025-02-07 15:27:23] </span><span style=\"color: #000080; text-decoration-color: #000080\">INFO    </span> The version of Polaris that was used to create the artifact <span style=\"font-weight: bold\">(</span><span style=\"color: #008080; text-decoration-color: #008080; font-weight: bold\">0.11</span>.<span style=\"color: #008080; text-decoration-color: #008080; font-weight: bold\">0</span><span style=\"font-weight: bold\">)</span> <a href=\"file:///home/valerij/miniconda3/envs/pol/lib/python3.12/site-packages/polaris/_artifact.py\" target=\"_blank\"><span style=\"color: #7f7f7f; text-decoration-color: #7f7f7f\">_artifact.py</span></a><span style=\"color: #7f7f7f; text-decoration-color: #7f7f7f\">:</span><a href=\"file:///home/valerij/miniconda3/envs/pol/lib/python3.12/site-packages/polaris/_artifact.py#92\" target=\"_blank\"><span style=\"color: #7f7f7f; text-decoration-color: #7f7f7f\">92</span></a>\n",
       "<span style=\"color: #7fbfbf; text-decoration-color: #7fbfbf\">                      </span>         is different from the currently installed version of Polaris         <span style=\"color: #7f7f7f; text-decoration-color: #7f7f7f\">               </span>\n",
       "<span style=\"color: #7fbfbf; text-decoration-color: #7fbfbf\">                      </span>         <span style=\"font-weight: bold\">(</span><span style=\"color: #008080; text-decoration-color: #008080; font-weight: bold\">0.11</span>.<span style=\"color: #008080; text-decoration-color: #008080; font-weight: bold\">5</span><span style=\"font-weight: bold\">)</span>.                                                            <span style=\"color: #7f7f7f; text-decoration-color: #7f7f7f\">               </span>\n",
       "</pre>\n"
      ],
      "text/plain": [
       "\u001b[2;36m[2025-02-07 15:27:23]\u001b[0m\u001b[2;36m \u001b[0m\u001b[34mINFO    \u001b[0m The version of Polaris that was used to create the artifact \u001b[1m(\u001b[0m\u001b[1;36m0.11\u001b[0m.\u001b[1;36m0\u001b[0m\u001b[1m)\u001b[0m \u001b]8;id=802859;file:///home/valerij/miniconda3/envs/pol/lib/python3.12/site-packages/polaris/_artifact.py\u001b\\\u001b[2m_artifact.py\u001b[0m\u001b]8;;\u001b\\\u001b[2m:\u001b[0m\u001b]8;id=419865;file:///home/valerij/miniconda3/envs/pol/lib/python3.12/site-packages/polaris/_artifact.py#92\u001b\\\u001b[2m92\u001b[0m\u001b]8;;\u001b\\\n",
       "\u001b[2;36m                      \u001b[0m         is different from the currently installed version of Polaris         \u001b[2m               \u001b[0m\n",
       "\u001b[2;36m                      \u001b[0m         \u001b[1m(\u001b[0m\u001b[1;36m0.11\u001b[0m.\u001b[1;36m5\u001b[0m\u001b[1m)\u001b[0m.                                                            \u001b[2m               \u001b[0m\n"
      ]
     },
     "metadata": {},
     "output_type": "display_data"
    },
    {
     "data": {
      "text/html": [
       "<pre style=\"white-space:pre;overflow-x:auto;line-height:normal;font-family:Menlo,'DejaVu Sans Mono',consolas,'Courier New',monospace\"><span style=\"color: #7fbfbf; text-decoration-color: #7fbfbf\">                      </span><span style=\"color: #808000; text-decoration-color: #808000\">WARNING </span> You're loading data from a remote location. If the dataset is small     <a href=\"file:///home/valerij/miniconda3/envs/pol/lib/python3.12/site-packages/polaris/dataset/_base.py\" target=\"_blank\"><span style=\"color: #7f7f7f; text-decoration-color: #7f7f7f\">_base.py</span></a><span style=\"color: #7f7f7f; text-decoration-color: #7f7f7f\">:</span><a href=\"file:///home/valerij/miniconda3/envs/pol/lib/python3.12/site-packages/polaris/dataset/_base.py#182\" target=\"_blank\"><span style=\"color: #7f7f7f; text-decoration-color: #7f7f7f\">182</span></a>\n",
       "<span style=\"color: #7fbfbf; text-decoration-color: #7fbfbf\">                      </span>         enough, consider caching the dataset first using                        <span style=\"color: #7f7f7f; text-decoration-color: #7f7f7f\">            </span>\n",
       "<span style=\"color: #7fbfbf; text-decoration-color: #7fbfbf\">                      </span>         <span style=\"color: #800080; text-decoration-color: #800080; font-weight: bold\">CompetitionSpecification.cache</span><span style=\"font-weight: bold\">()</span> for more performant data access.       <span style=\"color: #7f7f7f; text-decoration-color: #7f7f7f\">            </span>\n",
       "</pre>\n"
      ],
      "text/plain": [
       "\u001b[2;36m                     \u001b[0m\u001b[2;36m \u001b[0m\u001b[33mWARNING \u001b[0m You're loading data from a remote location. If the dataset is small     \u001b]8;id=841893;file:///home/valerij/miniconda3/envs/pol/lib/python3.12/site-packages/polaris/dataset/_base.py\u001b\\\u001b[2m_base.py\u001b[0m\u001b]8;;\u001b\\\u001b[2m:\u001b[0m\u001b]8;id=457841;file:///home/valerij/miniconda3/envs/pol/lib/python3.12/site-packages/polaris/dataset/_base.py#182\u001b\\\u001b[2m182\u001b[0m\u001b]8;;\u001b\\\n",
       "\u001b[2;36m                      \u001b[0m         enough, consider caching the dataset first using                        \u001b[2m            \u001b[0m\n",
       "\u001b[2;36m                      \u001b[0m         \u001b[1;35mCompetitionSpecification.cache\u001b[0m\u001b[1m(\u001b[0m\u001b[1m)\u001b[0m for more performant data access.       \u001b[2m            \u001b[0m\n"
      ]
     },
     "metadata": {},
     "output_type": "display_data"
    }
   ],
   "source": [
    "import polaris as po\n",
    "\n",
    "competition = po.load_competition(f\"asap-discovery/{CHALLENGE}\")"
   ]
  },
  {
   "cell_type": "markdown",
   "id": "5478ab20-ed4b-4f7d-a5bb-3618748de65a",
   "metadata": {},
   "source": [
    "As suggested in the logs, we'll cache the dataset. Note that this is not strictly necessary, but it does speed up later steps."
   ]
  },
  {
   "cell_type": "code",
   "execution_count": 5,
   "id": "d44d7a37-2119-42cd-a7eb-41daf5687660",
   "metadata": {},
   "outputs": [
    {
     "data": {
      "application/vnd.jupyter.widget-view+json": {
       "model_id": "e253755619b143cdacee20afc55ab079",
       "version_major": 2,
       "version_minor": 0
      },
      "text/plain": [
       "Output()"
      ]
     },
     "metadata": {},
     "output_type": "display_data"
    },
    {
     "data": {
      "text/html": [
       "<pre style=\"white-space:pre;overflow-x:auto;line-height:normal;font-family:Menlo,'DejaVu Sans Mono',consolas,'Courier New',monospace\"><span style=\"color: #7fbfbf; text-decoration-color: #7fbfbf\">[15:27:24] </span><span style=\"color: #008000; text-decoration-color: #008000\">Copying to destination </span>                                                                     <a href=\"file:///home/valerij/miniconda3/envs/pol/lib/python3.12/site-packages/polaris/dataset/_base.py\" target=\"_blank\"><span style=\"color: #7f7f7f; text-decoration-color: #7f7f7f\">_base.py</span></a><span style=\"color: #7f7f7f; text-decoration-color: #7f7f7f\">:</span><a href=\"file:///home/valerij/miniconda3/envs/pol/lib/python3.12/site-packages/polaris/dataset/_base.py#381\" target=\"_blank\"><span style=\"color: #7f7f7f; text-decoration-color: #7f7f7f\">381</span></a>\n",
       "<span style=\"color: #7fbfbf; text-decoration-color: #7fbfbf\">           </span><span style=\"color: #008000; text-decoration-color: #008000\">/home/valerij/.cache/polaris/datasets/d04266f9-7493-4fd1-b0a1-e6e9c22c251f/data.zarr</span>        <span style=\"color: #7f7f7f; text-decoration-color: #7f7f7f\">            </span>\n",
       "</pre>\n"
      ],
      "text/plain": [
       "\u001b[2;36m[15:27:24]\u001b[0m\u001b[2;36m \u001b[0m\u001b[32mCopying to destination \u001b[0m                                                                     \u001b]8;id=120087;file:///home/valerij/miniconda3/envs/pol/lib/python3.12/site-packages/polaris/dataset/_base.py\u001b\\\u001b[2m_base.py\u001b[0m\u001b]8;;\u001b\\\u001b[2m:\u001b[0m\u001b]8;id=992640;file:///home/valerij/miniconda3/envs/pol/lib/python3.12/site-packages/polaris/dataset/_base.py#381\u001b\\\u001b[2m381\u001b[0m\u001b]8;;\u001b\\\n",
       "\u001b[2;36m           \u001b[0m\u001b[32m/home/valerij/.cache/polaris/datasets/d04266f9-7493-4fd1-b0a1-e6e9c22c251f/\u001b[0m\u001b[32mdata.zarr\u001b[0m        \u001b[2m            \u001b[0m\n"
      ]
     },
     "metadata": {},
     "output_type": "display_data"
    },
    {
     "data": {
      "text/html": [
       "<pre style=\"white-space:pre;overflow-x:auto;line-height:normal;font-family:Menlo,'DejaVu Sans Mono',consolas,'Courier New',monospace\"><span style=\"color: #7fbfbf; text-decoration-color: #7fbfbf\">           </span><span style=\"color: #808000; text-decoration-color: #808000\">For large Zarr archives, this may take a while.</span>                                             <a href=\"file:///home/valerij/miniconda3/envs/pol/lib/python3.12/site-packages/polaris/dataset/_base.py\" target=\"_blank\"><span style=\"color: #7f7f7f; text-decoration-color: #7f7f7f\">_base.py</span></a><span style=\"color: #7f7f7f; text-decoration-color: #7f7f7f\">:</span><a href=\"file:///home/valerij/miniconda3/envs/pol/lib/python3.12/site-packages/polaris/dataset/_base.py#382\" target=\"_blank\"><span style=\"color: #7f7f7f; text-decoration-color: #7f7f7f\">382</span></a>\n",
       "</pre>\n"
      ],
      "text/plain": [
       "\u001b[2;36m          \u001b[0m\u001b[2;36m \u001b[0m\u001b[33mFor large Zarr archives, this may take a while.\u001b[0m                                             \u001b]8;id=653687;file:///home/valerij/miniconda3/envs/pol/lib/python3.12/site-packages/polaris/dataset/_base.py\u001b\\\u001b[2m_base.py\u001b[0m\u001b]8;;\u001b\\\u001b[2m:\u001b[0m\u001b]8;id=359047;file:///home/valerij/miniconda3/envs/pol/lib/python3.12/site-packages/polaris/dataset/_base.py#382\u001b\\\u001b[2m382\u001b[0m\u001b]8;;\u001b\\\n"
      ]
     },
     "metadata": {},
     "output_type": "display_data"
    },
    {
     "data": {
      "text/html": [
       "<pre style=\"white-space:pre;overflow-x:auto;line-height:normal;font-family:Menlo,'DejaVu Sans Mono',consolas,'Courier New',monospace\"><span style=\"color: #7fbfbf; text-decoration-color: #7fbfbf\">[15:27:25] </span><span style=\"color: #008000; text-decoration-color: #008000\"> Success: Copying Zarr keys</span>                                                                <a href=\"file:///home/valerij/miniconda3/envs/pol/lib/python3.12/site-packages/polaris/utils/context.py\" target=\"_blank\"><span style=\"color: #7f7f7f; text-decoration-color: #7f7f7f\">context.py</span></a><span style=\"color: #7f7f7f; text-decoration-color: #7f7f7f\">:</span><a href=\"file:///home/valerij/miniconda3/envs/pol/lib/python3.12/site-packages/polaris/utils/context.py#53\" target=\"_blank\"><span style=\"color: #7f7f7f; text-decoration-color: #7f7f7f\">53</span></a>\n",
       "</pre>\n"
      ],
      "text/plain": [
       "\u001b[2;36m[15:27:25]\u001b[0m\u001b[2;36m \u001b[0m\u001b[32m Success: Copying Zarr keys\u001b[0m                                                                \u001b]8;id=565432;file:///home/valerij/miniconda3/envs/pol/lib/python3.12/site-packages/polaris/utils/context.py\u001b\\\u001b[2mcontext.py\u001b[0m\u001b]8;;\u001b\\\u001b[2m:\u001b[0m\u001b]8;id=195310;file:///home/valerij/miniconda3/envs/pol/lib/python3.12/site-packages/polaris/utils/context.py#53\u001b\\\u001b[2m53\u001b[0m\u001b]8;;\u001b\\\n"
      ]
     },
     "metadata": {},
     "output_type": "display_data"
    },
    {
     "data": {
      "text/html": [
       "<pre style=\"white-space:pre;overflow-x:auto;line-height:normal;font-family:Menlo,'DejaVu Sans Mono',consolas,'Courier New',monospace\"><span style=\"color: #7fbfbf; text-decoration-color: #7fbfbf\">           </span><span style=\"color: #008000; text-decoration-color: #008000\"> Success: Copying Zarr archive</span>                                                             <a href=\"file:///home/valerij/miniconda3/envs/pol/lib/python3.12/site-packages/polaris/utils/context.py\" target=\"_blank\"><span style=\"color: #7f7f7f; text-decoration-color: #7f7f7f\">context.py</span></a><span style=\"color: #7f7f7f; text-decoration-color: #7f7f7f\">:</span><a href=\"file:///home/valerij/miniconda3/envs/pol/lib/python3.12/site-packages/polaris/utils/context.py#53\" target=\"_blank\"><span style=\"color: #7f7f7f; text-decoration-color: #7f7f7f\">53</span></a>\n",
       "</pre>\n"
      ],
      "text/plain": [
       "\u001b[2;36m          \u001b[0m\u001b[2;36m \u001b[0m\u001b[32m Success: Copying Zarr archive\u001b[0m                                                             \u001b]8;id=170197;file:///home/valerij/miniconda3/envs/pol/lib/python3.12/site-packages/polaris/utils/context.py\u001b\\\u001b[2mcontext.py\u001b[0m\u001b]8;;\u001b\\\u001b[2m:\u001b[0m\u001b]8;id=351971;file:///home/valerij/miniconda3/envs/pol/lib/python3.12/site-packages/polaris/utils/context.py#53\u001b\\\u001b[2m53\u001b[0m\u001b]8;;\u001b\\\n"
      ]
     },
     "metadata": {},
     "output_type": "display_data"
    },
    {
     "data": {
      "text/html": [
       "<pre style=\"white-space:pre;overflow-x:auto;line-height:normal;font-family:Menlo,'DejaVu Sans Mono',consolas,'Courier New',monospace\"></pre>\n"
      ],
      "text/plain": []
     },
     "metadata": {},
     "output_type": "display_data"
    },
    {
     "data": {
      "text/plain": [
       "'/home/valerij/.cache/polaris/datasets/d04266f9-7493-4fd1-b0a1-e6e9c22c251f'"
      ]
     },
     "execution_count": 5,
     "metadata": {},
     "output_type": "execute_result"
    }
   ],
   "source": [
    "competition.cache()"
   ]
  },
  {
   "cell_type": "markdown",
   "id": "a2455a1a-ef57-4e04-9d0c-47553c5e8059",
   "metadata": {},
   "source": [
    "Let's get the train and test set and take a look at the data structure."
   ]
  },
  {
   "cell_type": "code",
   "execution_count": 6,
   "id": "46c34cf4-31fd-4de1-8b18-0694a2a25d29",
   "metadata": {},
   "outputs": [],
   "source": [
    "train, test = competition.get_train_test_split()"
   ]
  },
  {
   "cell_type": "code",
   "execution_count": 7,
   "id": "dfa8d6c9-7274-4a30-937a-08e7a87974ce",
   "metadata": {},
   "outputs": [
    {
     "data": {
      "text/plain": [
       "('CN1C(=O)N(C2=CN=CC3=CC=CC=C23)C(=O)C12CN(S(C)(=O)=O)C2',\n",
       " {'pIC50 (MERS-CoV Mpro)': 4.69, 'pIC50 (SARS-CoV-2 Mpro)': nan})"
      ]
     },
     "execution_count": 7,
     "metadata": {},
     "output_type": "execute_result"
    }
   ],
   "source": [
    "train[10]"
   ]
  },
  {
   "cell_type": "code",
   "execution_count": 8,
   "id": "9af20948-ad7c-4ff8-9f36-152a5d0440f5",
   "metadata": {},
   "outputs": [
    {
     "name": "stdout",
     "output_type": "stream",
     "text": [
      "<class 'polaris.dataset._subset.Subset'>\n"
     ]
    }
   ],
   "source": [
    "print(type(train))"
   ]
  },
  {
   "cell_type": "code",
   "execution_count": 9,
   "id": "3d05848d-d6cd-4f75-bc1f-a6c31206596c",
   "metadata": {},
   "outputs": [
    {
     "data": {
      "text/plain": [
       "(array(['COC[C@]1(C)C(=O)N(C2=CN=CC3=CC=CC=C23)C(=O)N1C |&1:3|'],\n",
       "       dtype=object),\n",
       " {'pIC50 (MERS-CoV Mpro)': array([4.19]),\n",
       "  'pIC50 (SARS-CoV-2 Mpro)': array([nan])})"
      ]
     },
     "execution_count": 9,
     "metadata": {},
     "output_type": "execute_result"
    }
   ],
   "source": [
    "train[:1]"
   ]
  },
  {
   "cell_type": "code",
   "execution_count": 10,
   "id": "1648a6d6-ab19-4de1-ac46-1c9cc42dd499",
   "metadata": {},
   "outputs": [],
   "source": [
    "import pandas as pd\n",
    "\n",
    "smiles_list_test = []\n",
    "\n",
    "# Iterate through train and populate the lists\n",
    "for t in test:\n",
    "    smiles_list_test.append(t)\n",
    "\n",
    "# Create the DataFrame\n",
    "potency_df_test = pd.DataFrame({\n",
    "    'SMILES': smiles_list_test,\n",
    "})"
   ]
  },
  {
   "cell_type": "code",
   "execution_count": 11,
   "id": "20f5f947-a6c3-43cf-a4e5-824f44c11892",
   "metadata": {},
   "outputs": [
    {
     "data": {
      "text/html": [
       "<div>\n",
       "<style scoped>\n",
       "    .dataframe tbody tr th:only-of-type {\n",
       "        vertical-align: middle;\n",
       "    }\n",
       "\n",
       "    .dataframe tbody tr th {\n",
       "        vertical-align: top;\n",
       "    }\n",
       "\n",
       "    .dataframe thead th {\n",
       "        text-align: right;\n",
       "    }\n",
       "</style>\n",
       "<table border=\"1\" class=\"dataframe\">\n",
       "  <thead>\n",
       "    <tr style=\"text-align: right;\">\n",
       "      <th></th>\n",
       "      <th>SMILES</th>\n",
       "    </tr>\n",
       "  </thead>\n",
       "  <tbody>\n",
       "    <tr>\n",
       "      <th>0</th>\n",
       "      <td>C=CC(=O)NC1=CC=CC(N(CC2=CC=CC(Cl)=C2)C(=O)CC2=...</td>\n",
       "    </tr>\n",
       "    <tr>\n",
       "      <th>1</th>\n",
       "      <td>CNC(=O)CN1C[C@@]2(C(=O)N(C3=CN=CC4=CC=CC=C34)C...</td>\n",
       "    </tr>\n",
       "    <tr>\n",
       "      <th>2</th>\n",
       "      <td>CNC(=O)CN1C[C@]2(CCN(C3=CN=CC4=CC=C(OC[C@H](O)...</td>\n",
       "    </tr>\n",
       "    <tr>\n",
       "      <th>3</th>\n",
       "      <td>CNC(=O)CN1C[C@@]2(C(=O)N(C3=CN=CC4=CC=CC=C34)C...</td>\n",
       "    </tr>\n",
       "    <tr>\n",
       "      <th>4</th>\n",
       "      <td>CNC(=O)CN1C[C@@]2(C(=O)N(C3=CN=CC4=CC=CC=C34)C...</td>\n",
       "    </tr>\n",
       "    <tr>\n",
       "      <th>...</th>\n",
       "      <td>...</td>\n",
       "    </tr>\n",
       "    <tr>\n",
       "      <th>292</th>\n",
       "      <td>O=C(CC1=CN=CC2=CC=CC=C12)N1CCCC[C@H]1[C@H]1CCC...</td>\n",
       "    </tr>\n",
       "    <tr>\n",
       "      <th>293</th>\n",
       "      <td>O=C(CC1=CN=CC2=CC=CC=C12)N1CCCC[C@H]1[C@H]1CCC...</td>\n",
       "    </tr>\n",
       "    <tr>\n",
       "      <th>294</th>\n",
       "      <td>O=C(CC1=CN=CC2=CC=CC=C12