      "[I 2025-02-07 15:30:16,263] Trial 399 finished with value: 0.14373843480362825 and parameters: {'max_depth': 16, 'gamma': 1, 'max_delta_step': 2, 'min_child_weight': 19, 'learning_rate': 0.19401878699701447, 'subsample': 0.17659897219917517, 'n_estimators': 92}. Best is trial 303 with value: 0.24142673231726142.\n"
     ]
    },
    {
     "data": {
      "text/plain": [
       "{'max_depth': 16,\n",
       " 'gamma': 2,\n",
       " 'max_delta_step': 4,\n",
       " 'min_child_weight': 20,\n",
       " 'learning_rate': 0.1673266351389645,\n",
       " 'subsample': 0.17794938759715506,\n",
       " 'n_estimators': 74}"
      ]
     },
     "execution_count": 21,
     "metadata": {},
     "output_type": "execute_result"
    }
   ],
   "source": [
    "from qsprpred.models import OptunaOptimization, TestSetAssessor\n",
    "from sklearn.model_selection import KFold\n",
    "\n",
    "# Note the specification of the hyperparameter types as first item in the list\n",
    "search_space = {\"max_depth\": [\"int\", 1, 20],\n",
    "                \"gamma\": [\"int\", 0, 20],\n",
    "                \"max_delta_step\": [\"int\", 0, 20],\n",
    "                \"min_child_weight\": [\"int\", 1, 20],\n",
    "                \"learning_rate\": [\"float\", 0.001, 1],\n",
    "                \"subsample\": [\"float\", 0.001, 1],\n",
    "                \"n_estimators\": [\"int\", 10, 250],\n",
    "               }\n",
    "\n",
    "# Optuna gridsearcher with the TestSetAssessor\n",
    "gridsearcher = OptunaOptimization(\n",
    "    n_trials=400,\n",
    "    param_grid=search_space,\n",
    "    model_assessor=TestSetAssessor(scoring='r2'),\n",
    ")\n",
    "gridsearcher.optimize(model_mers, dataset_mers)"
   ]
  },
  {
   "cell_type": "markdown",
   "id": "6f993b59-d135-439c-8d22-711d9d7d52de",
   "metadata": {},
   "source": [
    "{'max_depth': 16,\n",
    " 'gamma': 2,\n",
    " 'max_delta_step': 4,\n",
    " 'min_child_weight': 20,\n",
    " 'learning_rate': 0.1673266351389645,\n",
    " 'subsample': 0.17794938759715506,\n",
    " 'n_estimators': 74}"
   ]
  },
  {
   "cell_type": "code",
   "execution_count": 32,
   "id": "16af9b01-5d25-4382-b4f4-a15c27445e85",
   "metadata": {},
   "outputs": [
    {
     "name": "stdout",
     "output_type": "stream",
     "text": [
      "['accuracy', 'adjusted_mutual_info_score', 'adjusted_rand_score', 'average_precision', 'balanced_accuracy', 'completeness_score', 'explained_variance', 'f1', 'f1_macro', 'f1_micro', 'f1_samples', 'f1_weighted', 'fowlkes_mallows_score', 'homogeneity_score', 'jaccard', 'jaccard_macro', 'jaccard_micro', 'jaccard_samples', 'jaccard_weighted', 'matthews_corrcoef', 'max_error', 'mutual_info_score', 'neg_brier_score', 'neg_log_loss', 'neg_mean_absolute_error', 'neg_mean_absolute_percentage_error', 'neg_mean_gamma_deviance', 'neg_mean_poisson_deviance', 'neg_mean_squared_error', 'neg_mean_squared_log_error', 'neg_median_absolute_error', 'neg_negative_likelihood_ratio', 'neg_root_mean_squared_error', 'neg_root_mean_squared_log_error', 'normalized_mutual_info_score', 'positive_likelihood_ratio', 'precision', 'precision_macro', 'precision_micro', 'precision_samples', 'precision_weighted', 'r2', 'rand_score', 'recall', 'recall_macro', 'recall_micro', 'recall_samples', 'recall_weighted', 'roc_auc', 'roc_auc_ovo', 'roc_auc_ovo_weighted', 'roc_auc_ovr', 'roc_auc_ovr_weighted', 'top_k_accuracy', 'v_measure_score']\n"
     ]
    }
   ],
   "source": [
    "# We can now assess the model performance on the training set using cross validation\n",
    "from sklearn.metrics import mean_squared_error\n",
    "import sklearn\n",
    "from sklearn import metrics\n",
    "\n",
    "print(sklearn.metrics.get_scorer_names())\n",
    "\n",
    "CrossValAssessor(\n",
    "    scoring=\"neg_mean_absolute_error\",\n",
    "    split=BootstrapSplit(split=ClusterSplit(dataset_mers), n_bootstraps=100)\n",
    ")(model_mers, dataset_mers)\n",
    "\n",
    "# and on the test set\n",
    "TestSetAssessor(\"neg_mean_absolute_error\")(model_mers, dataset_mers)\n",
    "\n",
    "# Finally, we need to fit the model on the complete dataset if we want to use it further\n",
    "model_mers.fitDataset(dataset_mers)\n",
    "\n",
    "# and save the model\n",
    "_ = model_mers.save()"
   ]
  },
  {
   "cell_type": "code",
   "execution_count": null,
   "id": "a893339f-5368-42e2-9ac1-e5e8ef7094cd",
   "metadata": {},
   "outputs": [],
   "source": [
    "from rdkit import Chem\n",
    "from rdkit.Chem import MolStandardize\n",
    "\n",
    "def read_smi_file(file_path):\n",
    "    smiles_list = []\n",
    "    try:\n",
    "        with open(file_path, 'r') as file:\n",
    "            for line in file:\n",
    "                # Skip comment lines and empty lines\n",
    "                if line.strip() and not line.startswith('#'):\n",
    "                    # SMILES strings are typically separated by whitespace or tab\n",
    "                    smiles = line.split()[0]\n",
    "                    smiles_list.append(smiles)\n",
    "    except FileNotFoundError:\n",
    "        print(\"File not found.\")\n",
    "    return smiles_list\n",
    "\n",
    "# Example usage to read the standardized SMILES file and create a list\n",
    "file_path = 'test_potency.smi'\n",
    "smiles_list = read_smi_file(file_path)\n",
    "print(\"SMILES in the file:\")\n",
    "print(len(smiles_list))"
   ]
  },
  {
   "cell_type": "code",
   "execution_count": 33,
   "id": "797b6f77-5ea6-4a7b-addc-54270f088374",
   "metadata": {},
   "outputs": [],
   "source": [
    "well = model_mers.predictMols(smiles_list_test)"
   ]
  },
  {
   "cell_type": "code",
   "execution_count": 34,
   "id": "e35f6463-9b4b-4e65-a1c0-10c97ae36e71",
   "metadata": {},
   "outputs": [
    {
     "name": "stdout",
     "output_type": "stream",
     "text": [
      "[[5.320606 ]\n",
      " [5.2716703]\n",
      " [5.059407 ]\n",
      " [5.1448517]\n",
      " [5.284195 ]\n",
      " [5.2422705]\n",
      " [5.368682 ]\n",
      " [5.3890457]\n",
      " [5.09416  ]\n",
      " [5.0523124]\n",
      " [5.008095 ]\n",
      " [5.4924116]\n",
      " [5.317238 ]\n",
      " [5.3535748]\n",
      " [5.489856 ]\n",
      " [5.3856745]\n",
      " [5.1945477]\n",
      " [4.9230795]\n",
      " [4.5703797]\n",
      " [5.1945477]\n",
      " [5.310707 ]\n",
      " [5.5732174]\n",
      " [5.90456  ]\n",
      " [5.951708 ]\n",
      " [4.988575 ]\n",
      " [5.777872 ]\n",
      " [5.2126884]\n",
      " [5.6973   ]\n",
      " [5.5732174]\n",
      " [5.0983877]\n",
      " [5.310707 ]\n",
      " [5.2226267]\n",
      " [5.569541 ]\n",
      " [5.7737846]\n",
      " [5.7737846]\n",
      " [5.859026 ]\n",
      " [5.4277925]\n",
      " [5.4277925]\n",
      " [5.310707 ]\n",
      " [5.0386257]\n",
      " [5.4612246]\n",
      " [6.0134506]\n",
      " [5.2927275]\n",
      " [5.2927275]\n",
      " [5.5598526]\n",
      " [5.5598526]\n",
      " [5.412199 ]\n",
      " [5.412199 ]\n",
      " [5.3541775]\n",
      " [5.3541775]\n",
      " [5.570532 ]\n",
      " [5.310707 ]\n",
      " [5.586858 ]\n",
      " [5.717229 ]\n",
      " [5.4824514]\n",
      " [5.656699 ]\n",
      " [5.656699 ]\n",
      " [5.3782187]\n",
      " [5.154785 ]\n",
      " [5.310707 ]\n",
      " [5.636894 ]\n",
      " [5.568618 ]\n",
      " [5.568618 ]\n",
      " [5.656699 ]\n",
      " [5.310707 ]\n",
      " [5.310707 ]\n",
      " [5.8662004]\n",
      " [5.8747177]\n",
      " [5.5087624]\n",
      " [5.689556 ]\n",
      " [5.6969585]\n",
      " [5.932081 ]\n",
      " [5.8662004]\n",
      " [5.656699 ]\n",
      " [5.322341 ]\n",
      " [5.511917 ]\n",
      " [5.7902985]\n",
      " [5.7984476]\n",
      " [5.656699 ]\n",
      " [5.8204584]\n",
      " [5.5533333]\n",
      " [5.5153084]\n",
      " [6.170492 ]\n",
      " [5.656699 ]\n",
      " [6.170492 ]\n",
      " [6.1144114]\n",
      " [5.310707 ]\n",
      " [5.8597145]\n",
      " [5.329629 ]\n",
      " [5.310707 ]\n",
      " [5.777872 ]\n",
      " [5.8662004]\n",
      " [5.777872 ]\n",
      " [5.819627 ]\n",
      " [5.3081512]\n",
      " [5.81073  ]\n",
      " [5.81073  ]\n",
      " [5.8633804]\n",
      " [5.777872 ]\n",
      " [5.7191763]\n",
      " [5.777872 ]\n",
      " [5.722163 ]\n",
      " [5.819627 ]\n",
      " [5.777872 ]\n",
      " [5.6903343]\n",
      " [5.7040815]\n",
      " [5.82712  ]\n",
      " [5.858508 ]\n",
      " [6.210511 ]\n",
      " [5.159464 ]\n",
      " [5.2929363]\n",
      " [6.1123486]\n",
      " [5.2422705]\n",
      " [5.932081 ]\n",
      " [5.2166834]\n",
      " [5.777872 ]\n",
      " [5.2166834]\n",
      " [5.2166834]\n",
      " [5.148247 ]\n",
      " [4.5954304]\n",
      " [4.5954304]\n",
      " [5.969017 ]\n",
      " [5.148247 ]\n",
      " [5.995263 ]\n",
      " [5.148247 ]\n",
      " [4.5954304]\n",
      " [5.2166834]\n",
      " [5.2166834]\n",
      " [4.69218  ]\n",
      " [4.846346 ]\n",
      " [5.858508 ]\n",
      " [4.8939314]\n",
      " [5.074649 ]\n",
      " [4.761406 ]\n",
      " [4.372012 ]\n",
      " [4.808857 ]\n",
      " [4.9023666]\n",
      " [4.80898  ]\n",
      " [4.5442076]\n",
      " [4.4102573]\n",
      " [4.775042 ]\n",
      " [4.4092307]\n",
      " [4.462623 ]\n",
      " [4.952179 ]\n",
      " [5.127536 ]\n",
      " [4.6680193]\n",
      " [4.9023666]\n",
      " [4.9013677]\n",
      " [4.462623 ]\n",
      " [4.3791895]\n",
      " [5.30056  ]\n",
      " [4.8447943]\n",
      " [4.8447943]\n",
      " [4.9308953]\n",
      " [4.894613 ]\n",
      " [4.936644 ]\n",
      " [5.114984 ]\n",
      " [4.4130044]\n",
      " [5.1169605]\n",
      " [5.1169605]\n",
      " [4.462623 ]\n",
      " [4.287398 ]\n",
      " [4.4563904]\n",
      " [4.514545 ]\n",
      " [4.7014904]\n",
      " [4.81493  ]\n",
      " [4.462623 ]\n",
      " [4.598121 ]\n",
      " [4.8791246]\n",
      " [4.764301 ]\n",
      " [5.1833744]\n",
      " [4.736542 ]\n",
      " [4.7995963]\n",
      " [4.639909 ]\n",
      " [6.1021833]\n",
      " [4.663885 ]\n",
      " [4.5040636]\n",
      " [6.099784 ]\n",
      " [4.584469 ]\n",
      " [6.181488 ]\n",
      " [4.686024 ]\n",
      " [4.936644 ]\n",
      " [6.2049227]\n",
      " [4.511265 ]\n",
      " [6.132676 ]\n",
      " [6.2354155]\n",
      " [4.7717447]\n",
      " [4.6545105]\n",
      " [5.036561 ]\n",
      " [4.5309515]\n",
      " [4.437344 ]\n",
      " [4.560497 ]\n",
      " [4.353427 ]\n",
      " [4.7147365]\n",
      " [5.0744343]\n",
      " [4.7623076]\n",
      " [4.96094  ]\n",
      " [4.6688447]\n",
      " [4.662233 ]\n",
      " [5.137554 ]\n",
      " [5.137554 ]\n",
      " [4.7117896]\n",
      " [4.6879983]\n",
      " [4.4249716]\n",
      " [4.5875573]\n",
      " [4.72059  ]\n",
      " [4.491992 ]\n",
      " [4.5525494]\n",
      " [4.72059  ]\n",
      " [4.685781 ]\n",
      " [4.9795446]\n",
      " [4.537063 ]\n",
      " [4.7474356]\n",
      " [4.7474356]\n",
      " [4.210187 ]\n",
      " [4.210187 ]\n",
      " [4.6013193]\n",
      " [4.6013193]\n",
      " [4.9672966]\n",
      " [4.598905 ]\n",
      " [4.598905 ]\n",
      " [4.795403 ]\n",
      " [4.795403 ]\n",
      " [4.491992 ]\n",
      " [4.3602347]\n",
      " [4.5604734]\n",
      " [4.883171 ]\n",
      " [4.883171 ]\n",
      " [4.717496 ]\n",
      " [4.885735 ]\n",
      " [4.885735 ]\n",
      " [4.7076464]\n",
      " [4.7076464]\n",
      " [4.6885495]\n",
      " [4.7441974]\n",
      " [4.834374 ]\n",
      " [4.8066473]\n",
      " [4.8066473]\n",
      " [4.835931 ]\n",
      " [4.480832 ]\n",
      " [4.5871286]\n",
      " [4.6804814]\n",
      " [4.6804814]\n",
      " [4.5366178]\n",
      " [4.7556086]\n",
      " [5.014467 ]\n",
      " [4.8342733]\n",
      " [4.525578 ]\n",
      " [4.680826 ]\n",
      " [4.555725 ]\n",
      " [4.9001956]\n",
      " [4.922795 ]\n",
      " [4.922795 ]\n",
      " [4.81493  ]\n",
      " [4.4441743]\n",
      " [4.841322 ]\n",
      " [4.8619003]\n",
      " [4.9672966]\n",
      " [4.5604734]\n",
      " [4.4746227]\n",
      " [4.462974 ]\n",
      " [4.4292645]\n",
      " [4.7282076]\n",
      " [4.6118264]\n",
      " [4.8006296]\n",
      " [4.99917  ]\n",
      " [4.6403127]\n",
      " [4.6403127]\n",
      " [4.5070257]\n",
      " [4.6245437]\n",
      " [4.547695 ]\n",
      " [4.5387697]\n",
      " [4.7893066]\n",
      " [4.581808 ]\n",
      " [4.56289  ]\n",
      " [4.644384 ]\n",
      " [4.3093224]\n",
      " [4.5347176]\n",
      " [4.5347176]\n",
      " [4.5347176]\n",
      " [4.5347176]\n",
      " [4.7274   ]\n",
      " [4.738805 ]\n",
      " [4.8023715]\n",
      " [4.8049493]\n",
      " [4.738805 ]\n",
      " [4.288304 ]\n",
      " [4.288304 ]\n",
      " [4.7282195]\n",
      " [4.555725 ]\n",
      " [4.442723 ]\n",
      " [4.442723 ]\n",
      " [4.442723 ]\n",
      " [4.442723 ]\n",
      " [4.288304 ]\n",
      " [5.0867825]\n",
      " [5.0867825]]\n"
     ]
    }
   ],
   "source": [
    "print(well)"
   ]
  },
  {
   "cell_type": "code",
   "execution_count": 40,
   "id": "4a686ba5-d922-463f-998f-c3d5735e6fd9",
   "metadata": {},
   "outputs": [],
   "source": [
    "min_length = min(len(smiles_list_test), len(well))\n",
    "values = [val[0] for val in well[:min_length]] "
   ]
  },
  {
   "cell_type": "code",
   "execution_count": 41,
   "id": "01c31e74-a86e-49b2-b9df-385ff644dca7",
   "metadata": {},
   "outputs": [
    {
     "name": "stdout",
     "output_type": "stream",
     "text": [
      "[5.320606, 5.2716703, 5.059407, 5.1448517, 5.284195, 5.2422705, 5.368682, 5.3890457, 5.09416, 5.0523124, 5.008095, 5.4924116, 5.317238, 5.3535748, 5.489856, 5.3856745, 5.1945477, 4.9230795, 4.5703797, 5.1945477, 5.310707, 5.5732174, 5.90456, 5.951708, 4.988575, 5.777872, 5.2126884, 5.6973, 5.5732174, 5.0983877, 5.310707, 5.2226267, 5.569541, 5.7737846, 5.7737846, 5.859026, 5.4277925, 5.4277925, 5.310707, 5.0386257, 5.4612246, 6.0134506, 5.2927275, 5.2927275, 5.5598526, 5.5598526, 5.412199, 5.412199, 5.3541775, 5.3541775, 5.570532, 5.310707, 5.586858, 5.717229, 5.4824514, 5.656699, 5.656699, 5.3782187, 5.154785, 5.310707, 5.636894, 5.568618, 5.568618, 5.656699, 5.310707, 5.310707, 5.8662004, 5.8747177, 5.5087624, 5.689556, 5.6969585, 5.932081, 5.8662004, 5.656699, 5.322341, 5.511917, 5.7902985, 5.7984476, 5.656699, 5.8204584, 5.5533333, 5.5153084, 6.170492, 5.656699, 6.170492, 6.1144114, 5.310707, 5.8597145, 5.329629, 5.310707, 5.777872, 5.8662004, 5.777872, 5.819627, 5.3081512, 5.81073, 5.81073, 5.8633804, 5.777872, 5.7191763, 5.777872, 5.722163, 5.819627, 5.777872, 5.6903343, 5.7040815, 5.82712, 5.858508, 6.210511, 5.159464, 5.2929363, 6.1123486, 5.2422705, 5.932081, 5.2166834, 5.777872, 5.2166834, 5.2166834, 5.148247, 4.5954304, 4.5954304, 5.969017, 5.148247, 5.995263, 5.148247, 4.5954304, 5.2166834, 5.2166834, 4.69218, 4.846346, 5.858508, 4.8939314, 5.074649, 4.761406, 4.372012, 4.808857, 4.9023666, 4.80898, 4.5442076, 4.4102573, 4.775042, 4.4092307, 4.462623, 4.952179, 5.127536, 4.6680193, 4.9023666, 4.9013677, 4.462623, 4.3791895, 5.30056, 4.8447943, 4.8447943, 4.9308953, 4.894613, 4.936644, 5.114984, 4.4130044, 5.1169605, 5.1169605, 4.462623, 4.287398, 4.4563904, 4.514545, 4.7014904, 4.81493, 4.462623, 4.598121, 4.8791246, 4.764301, 5.1833744, 4.736542, 4.7995963, 4.639909, 6.1021833, 4.663885, 4.5040636, 6.099784, 4.584469, 6.181488, 4.686024, 4.936644, 6.2049227, 4.511265, 6.132676, 6.2354155, 4.7717447, 4.6545105, 5.036561, 4.5309515, 4.437344, 4.560497, 4.353427, 4.7147365, 5.0744343, 4.7623076, 4.96094, 4.6688447, 4.662233, 5.137554, 5.137554, 4.7117896, 4.6879983, 4.4249716, 4.5875573, 4.72059, 4.491992, 4.5525494, 4.72059, 4.685781, 4.9795446, 4.537063, 4.7474356, 4.7474356, 4.210187, 4.210187, 4.6013193, 4.6013193, 4.9672966, 4.598905, 4.598905, 4.795403, 4.795403, 4.491992, 4.3602347, 4.5604734, 4.883171, 4.883171, 4.717496, 4.885735, 4.885735, 4.7076464, 4.7076464, 4.6885495, 4.7441974, 4.834374, 4.8066473, 4.8066473, 4.835931, 4.480832, 4.5871286, 4.6804814, 4.6804814, 4.5366178, 4.7556086, 5.014467, 4.8342733, 4.525578, 4.680826, 4.555725, 4.9001956, 4.922795, 4.922795, 4.81493, 4.4441743, 4.841322, 4.8619003, 4.9672966, 4.5604734, 4.4746227, 4.462974, 4.4292645, 4.7282076, 4.6118264, 4.8006296, 4.99917, 4.6403127, 4.6403127, 4.5070257, 4.6245437, 4.547695, 4.5387697, 4.7893066, 4.581808, 4.56289, 4.644384, 4.3093224, 4.5347176, 4.5347176, 4.5347176, 4.5347176, 4.7274, 4.738805, 4.8023715, 4.8049493, 4.738805, 4.288304, 4.288304, 4.7282195, 4.555725, 4.442723, 4.442723, 4.442723, 4.442723, 4.288304, 5.0867825, 5.0867825]\n"
     ]
    }
   ],
   "source": [
    "print(values)"
   ]
  },
  {
   "cell_type": "code",
   "execution_count": 43,
   "id": "104815fc-f060-4749-97ab-b400c19635cd",
   "metadata": {},
   "outputs": [
    {
     "name": "stdout",
     "output_type": "stream",
     "text": [
      "CSV file created successfully!\n"
     ]
    }
   ],
   "source": [
    "# Write to CSV file\n",
    "with open(\"mers_prediction_preliminary.csv\", \"w\", newline=\"\") as file:\n",
    "    writer = csv.writer(file)\n",
    "    writer.writerow([\"SMILES\", \"MERS\"])\n",
    "    for smiles, value in zip(smiles_list_test, values):\n",
    "        writer.writerow([smiles, value])\n",
    "\n",
    "print(\"CSV file created successfully!\")"
   ]
  },
  {
   "cell_type": "markdown",
   "id": "24cb48a8-86f9-43e5-ad8b-74e039158387",
   "metadata": {},
   "source": [
    "The End."
   ]
  }
 ],
 "metadata": {
  "kernelspec": {
   "display_name": "Python 3 (ipykernel)",
   "language": "python",
   "name": "python3"
  },
  "language_info": {
   "codemirror_mode": {
    "name": "ipython",
    "version": 3
   },
   "file_extension": ".py",
   "mimetype": "text/x-python",
   "name": "python",
   "nbconvert_exporter": "python",
   "pygments_lexer": "ipython3",
   "version": "3.12.8"
  }
 },
 "nbformat": 4,
 "nbformat_minor": 5
}
