      "[I 2025-02-07 15:29:57,225] Trial 336 finished with value: 0.1472798640301758 and parameters: {'max_depth': 16, 'gamma': 4, 'max_delta_step': 3, 'min_child_weight': 20, 'learning_rate': 0.19318787829683054, 'subsample': 0.1749581928609208, 'n_estimators': 73}. Best is trial 303 with value: 0.24142673231726142.\n",
      "[I 2025-02-07 15:29:57,472] Trial 337 finished with value: 0.12461262602307421 and parameters: {'max_depth': 15, 'gamma': 2, 'max_delta_step': 0, 'min_child_weight': 20, 'learning_rate': 0.11171984104263766, 'subsample': 0.07982553311627563, 'n_estimators': 89}. Best is trial 303 with value: 0.24142673231726142.\n",
      "[I 2025-02-07 15:29:57,692] Trial 338 finished with value: 0.20465712195169605 and parameters: {'max_depth': 16, 'gamma': 3, 'max_delta_step': 6, 'min_child_weight': 19, 'learning_rate': 0.15940051881328146, 'subsample': 0.10950740661743016, 'n_estimators': 76}. Best is trial 303 with value: 0.24142673231726142.\n",
      "[I 2025-02-07 15:29:57,939] Trial 339 finished with value: 0.15711703728220427 and parameters: {'max_depth': 17, 'gamma': 2, 'max_delta_step': 5, 'min_child_weight': 11, 'learning_rate': 0.10298679797102739, 'subsample': 0.14365483588323733, 'n_estimators': 83}. Best is trial 303 with value: 0.24142673231726142.\n",
      "[I 2025-02-07 15:29:58,344] Trial 340 finished with value: 0.20463632026767975 and parameters: {'max_depth': 17, 'gamma': 8, 'max_delta_step': 4, 'min_child_weight': 20, 'learning_rate': 0.1372554351327887, 'subsample': 0.15922432430687336, 'n_estimators': 79}. Best is trial 303 with value: 0.24142673231726142.\n",
      "[I 2025-02-07 15:29:58,695] Trial 341 finished with value: 0.18417703214713477 and parameters: {'max_depth': 16, 'gamma': 1, 'max_delta_step': 2, 'min_child_weight': 20, 'learning_rate': 0.181037294204336, 'subsample': 0.20211751454959312, 'n_estimators': 68}. Best is trial 303 with value: 0.24142673231726142.\n",
      "[I 2025-02-07 15:29:58,965] Trial 342 finished with value: 0.2260665188144685 and parameters: {'max_depth': 20, 'gamma': 2, 'max_delta_step': 5, 'min_child_weight': 19, 'learning_rate': 0.10193000221179889, 'subsample': 0.12319425439321025, 'n_estimators': 87}. Best is trial 303 with value: 0.24142673231726142.\n",
      "[I 2025-02-07 15:29:59,741] Trial 343 finished with value: 0.2006259957717479 and parameters: {'max_depth': 20, 'gamma': 2, 'max_delta_step': 5, 'min_child_weight': 20, 'learning_rate': 0.07962745277016117, 'subsample': 0.13009603255604277, 'n_estimators': 87}. Best is trial 303 with value: 0.24142673231726142.\n",
      "[I 2025-02-07 15:30:00,043] Trial 344 finished with value: 0.19352830126722553 and parameters: {'max_depth': 20, 'gamma': 1, 'max_delta_step': 4, 'min_child_weight': 20, 'learning_rate': 0.0306792171459504, 'subsample': 0.17253330952388793, 'n_estimators': 90}. Best is trial 303 with value: 0.24142673231726142.\n",
      "[I 2025-02-07 15:30:00,407] Trial 345 finished with value: -0.9869658174384011 and parameters: {'max_depth': 19, 'gamma': 3, 'max_delta_step': 5, 'min_child_weight': 19, 'learning_rate': 0.7642817075287357, 'subsample': 0.22854526116766394, 'n_estimators': 149}. Best is trial 303 with value: 0.24142673231726142.\n",
      "[I 2025-02-07 15:30:00,622] Trial 346 finished with value: 0.12430482831340539 and parameters: {'max_depth': 18, 'gamma': 9, 'max_delta_step': 3, 'min_child_weight': 20, 'learning_rate': 0.10571962218227539, 'subsample': 0.14866316976632746, 'n_estimators': 85}. Best is trial 303 with value: 0.24142673231726142.\n",
      "[I 2025-02-07 15:30:00,911] Trial 347 finished with value: -0.1568305139286943 and parameters: {'max_depth': 20, 'gamma': 2, 'max_delta_step': 5, 'min_child_weight': 1, 'learning_rate': 0.15828755653263288, 'subsample': 0.12344155977826154, 'n_estimators': 90}. Best is trial 303 with value: 0.24142673231726142.\n",
      "[I 2025-02-07 15:30:01,171] Trial 348 finished with value: 0.20135204815040775 and parameters: {'max_depth': 15, 'gamma': 1, 'max_delta_step': 4, 'min_child_weight': 19, 'learning_rate': 0.06057603340262137, 'subsample': 0.1834309123188746, 'n_estimators': 74}. Best is trial 303 with value: 0.24142673231726142.\n",
      "[I 2025-02-07 15:30:01,414] Trial 349 finished with value: 0.19374562745620083 and parameters: {'max_depth': 19, 'gamma': 2, 'max_delta_step': 4, 'min_child_weight': 20, 'learning_rate': 0.12970127944405271, 'subsample': 0.14620182757199246, 'n_estimators': 83}. Best is trial 303 with value: 0.24142673231726142.\n",
      "[I 2025-02-07 15:30:01,644] Trial 350 finished with value: 0.043260173795303225 and parameters: {'max_depth': 18, 'gamma': 3, 'max_delta_step': 3, 'min_child_weight': 20, 'learning_rate': 0.006453785419844912, 'subsample': 0.09449452748688754, 'n_estimators': 64}. Best is trial 303 with value: 0.24142673231726142.\n",
      "[I 2025-02-07 15:30:01,893] Trial 351 finished with value: 0.16184027071931673 and parameters: {'max_depth': 2, 'gamma': 2, 'max_delta_step': 5, 'min_child_weight': 19, 'learning_rate': 0.08897441717133403, 'subsample': 0.16362477756081922, 'n_estimators': 76}. Best is trial 303 with value: 0.24142673231726142.\n",
      "[I 2025-02-07 15:30:02,141] Trial 352 finished with value: 0.21170707533270294 and parameters: {'max_depth': 20, 'gamma': 1, 'max_delta_step': 4, 'min_child_weight': 20, 'learning_rate': 0.1235396606174533, 'subsample': 0.13110784150345728, 'n_estimators': 70}. Best is trial 303 with value: 0.24142673231726142.\n",
      "[I 2025-02-07 15:30:02,437] Trial 353 finished with value: 0.12775287764140064 and parameters: {'max_depth': 20, 'gamma': 1, 'max_delta_step': 4, 'min_child_weight': 20, 'learning_rate': 0.1476972748292404, 'subsample': 0.39176514095900083, 'n_estimators': 70}. Best is trial 303 with value: 0.24142673231726142.\n",
      "[I 2025-02-07 15:30:02,702] Trial 354 finished with value: 0.029320118406382045 and parameters: {'max_depth': 20, 'gamma': 1, 'max_delta_step': 3, 'min_child_weight': 8, 'learning_rate': 0.17469183938169788, 'subsample': 0.13778154041036056, 'n_estimators': 61}. Best is trial 303 with value: 0.24142673231726142.\n",
      "[I 2025-02-07 15:30:03,250] Trial 355 finished with value: 0.06797555939478939 and parameters: {'max_depth': 20, 'gamma': 1, 'max_delta_step': 4, 'min_child_weight': 19, 'learning_rate': 0.2130702428346018, 'subsample': 0.1874202379002991, 'n_estimators': 241}. Best is trial 303 with value: 0.24142673231726142.\n",
      "[I 2025-02-07 15:30:03,521] Trial 356 finished with value: 0.17184414639153822 and parameters: {'max_depth': 19, 'gamma': 1, 'max_delta_step': 0, 'min_child_weight': 20, 'learning_rate': 0.04725584823083956, 'subsample': 0.20755677448864268, 'n_estimators': 69}. Best is trial 303 with value: 0.24142673231726142.\n",
      "[I 2025-02-07 15:30:03,787] Trial 357 finished with value: 0.19379093725272856 and parameters: {'max_depth': 20, 'gamma': 2, 'max_delta_step': 2, 'min_child_weight': 20, 'learning_rate': 0.09927088299110287, 'subsample': 0.1650400287806378, 'n_estimators': 92}. Best is trial 303 with value: 0.24142673231726142.\n",
      "[I 2025-02-07 15:30:04,086] Trial 358 finished with value: 0.1974326612928814 and parameters: {'max_depth': 20, 'gamma': 1, 'max_delta_step': 3, 'min_child_weight': 20, 'learning_rate': 0.12880372427801454, 'subsample': 0.12275977839962543, 'n_estimators': 85}. Best is trial 303 with value: 0.24142673231726142.\n",
      "[I 2025-02-07 15:30:04,331] Trial 359 finished with value: 0.2052463942665017 and parameters: {'max_depth': 17, 'gamma': 2, 'max_delta_step': 4, 'min_child_weight': 19, 'learning_rate': 0.06252778143435442, 'subsample': 0.15400171522304318, 'n_estimators': 73}. Best is trial 303 with value: 0.24142673231726142.\n",
      "[I 2025-02-07 15:30:04,626] Trial 360 finished with value: 0.16423469035595128 and parameters: {'max_depth': 19, 'gamma': 1, 'max_delta_step': 4, 'min_child_weight': 20, 'learning_rate': 0.08040037104626513, 'subsample': 0.09541900500172114, 'n_estimators': 81}. Best is trial 303 with value: 0.24142673231726142.\n",
      "[I 2025-02-07 15:30:04,856] Trial 361 finished with value: 0.17749366807206357 and parameters: {'max_depth': 19, 'gamma': 2, 'max_delta_step': 6, 'min_child_weight': 20, 'learning_rate': 0.15477287234185025, 'subsample': 0.13897528944698703, 'n_estimators': 66}. Best is trial 303 with value: 0.24142673231726142.\n",
      "[I 2025-02-07 15:30:05,158] Trial 362 finished with value: 0.2196821628610418 and parameters: {'max_depth': 18, 'gamma': 1, 'max_delta_step': 1, 'min_child_weight': 19, 'learning_rate': 0.12509549609797566, 'subsample': 0.18140100388796707, 'n_estimators': 89}. Best is trial 303 with value: 0.24142673231726142.\n",
      "[I 2025-02-07 15:30:05,428] Trial 363 finished with value: 0.2134125000262319 and parameters: {'max_depth': 18, 'gamma': 2, 'max_delta_step': 3, 'min_child_weight': 19, 'learning_rate': 0.1284286443132965, 'subsample': 0.2183567887671585, 'n_estimators': 88}. Best is trial 303 with value: 0.24142673231726142.\n",
      "[I 2025-02-07 15:30:05,718] Trial 364 finished with value: 0.15493232255840317 and parameters: {'max_depth': 18, 'gamma': 2, 'max_delta_step': 1, 'min_child_weight': 19, 'learning_rate': 0.13890535971613072, 'subsample': 0.2415876583772394, 'n_estimators': 88}. Best is trial 303 with value: 0.24142673231726142.\n",
      "[I 2025-02-07 15:30:05,995] Trial 365 finished with value: 0.15141679536901398 and parameters: {'max_depth': 18, 'gamma': 2, 'max_delta_step': 2, 'min_child_weight': 19, 'learning_rate': 0.18637771232909095, 'subsample': 0.22736299255915737, 'n_estimators': 82}. Best is trial 303 with value: 0.24142673231726142.\n",
      "[I 2025-02-07 15:30:06,296] Trial 366 finished with value: 0.17741134059324204 and parameters: {'max_depth': 18, 'gamma': 2, 'max_delta_step': 1, 'min_child_weight': 19, 'learning_rate': 0.16082055742475987, 'subsample': 0.20485954177330817, 'n_estimators': 76}. Best is trial 303 with value: 0.24142673231726142.\n",
      "[I 2025-02-07 15:30:06,514] Trial 367 finished with value: 0.140223869214536 and parameters: {'max_depth': 18, 'gamma': 2, 'max_delta_step': 3, 'min_child_weight': 19, 'learning_rate': 0.1223045810204558, 'subsample': 0.18951265606708315, 'n_estimators': 58}. Best is trial 303 with value: 0.24142673231726142.\n",
      "[I 2025-02-07 15:30:06,747] Trial 368 finished with value: 0.16434683788356363 and parameters: {'max_depth': 19, 'gamma': 3, 'max_delta_step': 3, 'min_child_weight': 19, 'learning_rate': 0.1342952841407854, 'subsample': 0.18928755005978298, 'n_estimators': 86}. Best is trial 303 with value: 0.24142673231726142.\n",
      "[I 2025-02-07 15:30:06,981] Trial 369 finished with value: 0.13798823323470377 and parameters: {'max_depth': 18, 'gamma': 2, 'max_delta_step': 0, 'min_child_weight': 18, 'learning_rate': 0.17089381449102486, 'subsample': 0.21444697609125815, 'n_estimators': 72}. Best is trial 303 with value: 0.24142673231726142.\n",
      "[I 2025-02-07 15:30:07,237] Trial 370 finished with value: 0.201519744185935 and parameters: {'max_depth': 17, 'gamma': 2, 'max_delta_step': 1, 'min_child_weight': 19, 'learning_rate': 0.12104015736676882, 'subsample': 0.1716963629741504, 'n_estimators': 80}. Best is trial 303 with value: 0.24142673231726142.\n",
      "[I 2025-02-07 15:30:07,539] Trial 371 finished with value: 0.1700377099147291 and parameters: {'max_depth': 19, 'gamma': 1, 'max_delta_step': 2, 'min_child_weight': 19, 'learning_rate': 0.1461450181880333, 'subsample': 0.1754019188812147, 'n_estimators': 90}. Best is trial 303 with value: 0.24142673231726142.\n",
      "[I 2025-02-07 15:30:07,811] Trial 372 finished with value: 0.16099452436690553 and parameters: {'max_depth': 18, 'gamma': 3, 'max_delta_step': 3, 'min_child_weight': 20, 'learning_rate': 0.10601418681992839, 'subsample': 0.19376753686195977, 'n_estimators': 83}. Best is trial 303 with value: 0.24142673231726142.\n",
      "[I 2025-02-07 15:30:08,022] Trial 373 finished with value: 0.013550614316340637 and parameters: {'max_depth': 17, 'gamma': 13, 'max_delta_step': 4, 'min_child_weight': 20, 'learning_rate': 0.1267970655288059, 'subsample': 0.17088646516784392, 'n_estimators': 66}. Best is trial 303 with value: 0.24142673231726142.\n",
      "[I 2025-02-07 15:30:08,320] Trial 374 finished with value: 0.15740259501122722 and parameters: {'max_depth': 17, 'gamma': 2, 'max_delta_step': 2, 'min_child_weight': 19, 'learning_rate': 0.15150830732070836, 'subsample': 0.21387221598826972, 'n_estimators': 76}. Best is trial 303 with value: 0.24142673231726142.\n",
      "[I 2025-02-07 15:30:08,608] Trial 375 finished with value: 0.2080124550446082 and parameters: {'max_depth': 18, 'gamma': 1, 'max_delta_step': 3, 'min_child_weight': 20, 'learning_rate': 0.1069489466741757, 'subsample': 0.153248682387029, 'n_estimators': 90}. Best is trial 303 with value: 0.24142673231726142.\n",
      "[I 2025-02-07 15:30:08,871] Trial 376 finished with value: -0.200054119411182 and parameters: {'max_depth': 19, 'gamma': 2, 'max_delta_step': 4, 'min_child_weight': 20, 'learning_rate': 0.5903197628472884, 'subsample': 0.1886240150564747, 'n_estimators': 80}. Best is trial 303 with value: 0.24142673231726142.\n",
      "[I 2025-02-07 15:30:09,125] Trial 377 finished with value: 0.13087238091976172 and parameters: {'max_depth': 17, 'gamma': 3, 'max_delta_step': 4, 'min_child_weight': 19, 'learning_rate': 0.19369832650077373, 'subsample': 0.5345843656252881, 'n_estimators': 71}. Best is trial 303 with value: 0.24142673231726142.\n",
      "[I 2025-02-07 15:30:09,395] Trial 378 finished with value: 0.17597228104228457 and parameters: {'max_depth': 18, 'gamma': 2, 'max_delta_step': 1, 'min_child_weight': 20, 'learning_rate': 0.1731017135807318, 'subsample': 0.26011443101821174, 'n_estimators': 87}. Best is trial 303 with value: 0.24142673231726142.\n",
      "[I 2025-02-07 15:30:09,668] Trial 379 finished with value: 0.22323033561650807 and parameters: {'max_depth': 17, 'gamma': 1, 'max_delta_step': 0, 'min_child_weight': 20, 'learning_rate': 0.13814447014232475, 'subsample': 0.15853749800975714, 'n_estimators': 76}. Best is trial 303 with value: 0.24142673231726142.\n",
      "[I 2025-02-07 15:30:09,971] Trial 380 finished with value: 0.17266455430802774 and parameters: {'max_depth': 17, 'gamma': 1, 'max_delta_step': 5, 'min_child_weight': 19, 'learning_rate': 0.14409009670298362, 'subsample': 0.16075717867836334, 'n_estimators': 83}. Best is trial 303 with value: 0.24142673231726142.\n",
      "[I 2025-02-07 15:30:10,209] Trial 381 finished with value: 0.17788165198532835 and parameters: {'max_depth': 17, 'gamma': 3, 'max_delta_step': 0, 'min_child_weight': 20, 'learning_rate': 0.16171763060270547, 'subsample': 0.20263267831651188, 'n_estimators': 78}. Best is trial 303 with value: 0.24142673231726142.\n",
      "[I 2025-02-07 15:30:10,476] Trial 382 finished with value: 0.2072699346855198 and parameters: {'max_depth': 18, 'gamma': 2, 'max_delta_step': 0, 'min_child_weight': 18, 'learning_rate': 0.10882083280889815, 'subsample': 0.17831977099521726, 'n_estimators': 86}. Best is trial 303 with value: 0.24142673231726142.\n",
      "[I 2025-02-07 15:30:10,867] Trial 383 finished with value: 0.187311955198177 and parameters: {'max_depth': 17, 'gamma': 2, 'max_delta_step': 2, 'min_child_weight': 20, 'learning_rate': 0.210621217124872, 'subsample': 0.15413381042411456, 'n_estimators': 92}. Best is trial 303 with value: 0.24142673231726142.\n",
      "[I 2025-02-07 15:30:11,302] Trial 384 finished with value: 0.2020782279387756 and parameters: {'max_depth': 17, 'gamma': 4, 'max_delta_step': 0, 'min_child_weight': 19, 'learning_rate': 0.13821174183712157, 'subsample': 0.2297774852158483, 'n_estimators': 75}. Best is trial 303 with value: 0.24142673231726142.\n",
      "[I 2025-02-07 15:30:11,605] Trial 385 finished with value: 0.1950919192004349 and parameters: {'max_depth': 16, 'gamma': 1, 'max_delta_step': 1, 'min_child_weight': 20, 'learning_rate': 0.09866309170992946, 'subsample': 0.16820580243070143, 'n_estimators': 80}. Best is trial 303 with value: 0.24142673231726142.\n",
      "[I 2025-02-07 15:30:11,875] Trial 386 finished with value: 0.20230585282702607 and parameters: {'max_depth': 17, 'gamma': 2, 'max_delta_step': 0, 'min_child_weight': 19, 'learning_rate': 0.18031038459470905, 'subsample': 0.19070233819344556, 'n_estimators': 86}. Best is trial 303 with value: 0.24142673231726142.\n",
      "[I 2025-02-07 15:30:12,174] Trial 387 finished with value: 0.20951016288834123 and parameters: {'max_depth': 18, 'gamma': 3, 'max_delta_step': 1, 'min_child_weight': 20, 'learning_rate': 0.15700720162317103, 'subsample': 0.1534778075143805, 'n_estimators': 75}. Best is trial 303 with value: 0.24142673231726142.\n",
      "[I 2025-02-07 15:30:12,454] Trial 388 finished with value: 0.17588910943026093 and parameters: {'max_depth': 16, 'gamma': 1, 'max_delta_step': 3, 'min_child_weight': 18, 'learning_rate': 0.12277115143523437, 'subsample': 0.175573096735262, 'n_estimators': 63}. Best is trial 303 with value: 0.24142673231726142.\n",
      "[I 2025-02-07 15:30:12,766] Trial 389 finished with value: -2.1309645042882037 and parameters: {'max_depth': 17, 'gamma': 2, 'max_delta_step': 0, 'min_child_weight': 10, 'learning_rate': 0.8620863506239347, 'subsample': 0.1422683777039357, 'n_estimators': 54}. Best is trial 303 with value: 0.24142673231726142.\n",
      "[I 2025-02-07 15:30:13,560] Trial 390 finished with value: 0.17818359553983 and parameters: {'max_depth': 16, 'gamma': 3, 'max_delta_step': 2, 'min_child_weight': 20, 'learning_rate': 0.08634075374437485, 'subsample': 0.22038659462018562, 'n_estimators': 91}. Best is trial 303 with value: 0.24142673231726142.\n",
      "[I 2025-02-07 15:30:13,898] Trial 391 finished with value: 0.1791711454126983 and parameters: {'max_depth': 18, 'gamma': 2, 'max_delta_step': 5, 'min_child_weight': 19, 'learning_rate': 0.13592004372806038, 'subsample': 0.19889990387319845, 'n_estimators': 82}. Best is trial 303 with value: 0.24142673231726142.\n",
      "[I 2025-02-07 15:30:14,185] Trial 392 finished with value: 0.12339977526029877 and parameters: {'max_depth': 17, 'gamma': 1, 'max_delta_step': 3, 'min_child_weight': 9, 'learning_rate': 0.10538907626825339, 'subsample': 0.15807702063043855, 'n_estimators': 72}. Best is trial 303 with value: 0.24142673231726142.\n",
      "[I 2025-02-07 15:30:14,489] Trial 393 finished with value: 0.18872630018244785 and parameters: {'max_depth': 16, 'gamma': 1, 'max_delta_step': 1, 'min_child_weight': 20, 'learning_rate': 0.16032875061607846, 'subsample': 0.13921197345848177, 'n_estimators': 76}. Best is trial 303 with value: 0.24142673231726142.\n",
      "[I 2025-02-07 15:30:14,766] Trial 394 finished with value: 0.08124970545955956 and parameters: {'max_depth': 12, 'gamma': 2, 'max_delta_step': 5, 'min_child_weight': 12, 'learning_rate': 0.12349380451363544, 'subsample': 0.17211583614262843, 'n_estimators': 67}. Best is trial 303 with value: 0.24142673231726142.\n",
      "[I 2025-02-07 15:30:15,121] Trial 395 finished with value: 0.19440864940113234 and parameters: {'max_depth': 17, 'gamma': 2, 'max_delta_step': 4, 'min_child_weight': 20, 'learning_rate': 0.08203382902809463, 'subsample': 0.13979815620518524, 'n_estimators': 158}. Best is trial 303 with value: 0.24142673231726142.\n",
      "[I 2025-02-07 15:30:15,362] Trial 396 finished with value: 0.14119787949906215 and parameters: {'max_depth': 16, 'gamma': 3, 'max_delta_step': 3, 'min_child_weight': 19, 'learning_rate': 0.1462195544758836, 'subsample': 0.1878750110301122, 'n_estimators': 84}. Best is trial 303 with value: 0.24142673231726142.\n",
      "[I 2025-02-07 15:30:15,616] Trial 397 finished with value: 0.1972232506792403 and parameters: {'max_depth': 17, 'gamma': 3, 'max_delta_step': 5, 'min_child_weight': 20, 'learning_rate': 0.1032302198146959, 'subsample': 0.11692645743709207, 'n_estimators': 80}. Best is trial 303 with value: 0.24142673231726142.\n",
      "[I 2025-02-07 15:30:15,947] Trial 398 finished with value: 0.1675056028471743 and parameters: {'max_depth': 18, 'gamma': 2, 'max_delta_step': 0, 'min_child_weight': 20, 'learning_rate': 0.17635976653628224, 'subsample': 0.15859217935894734, 'n_estimators': 139}. Best is trial 303 with value: 0.24142673231726142.\n",
