      "[I 2025-02-07 15:28:33,802] Trial 68 finished with value: 0.17553190969925359 and parameters: {'max_depth': 7, 'gamma': 0, 'max_delta_step': 19, 'min_child_weight': 16, 'learning_rate': 0.23353085865797274, 'subsample': 0.08551914364215306, 'n_estimators': 106}. Best is trial 62 with value: 0.21516605904177843.\n",
      "[I 2025-02-07 15:28:34,159] Trial 69 finished with value: 0.11375408061308745 and parameters: {'max_depth': 8, 'gamma': 0, 'max_delta_step': 19, 'min_child_weight': 16, 'learning_rate': 0.3016664600445827, 'subsample': 0.07514145159573647, 'n_estimators': 122}. Best is trial 62 with value: 0.21516605904177843.\n",
      "[I 2025-02-07 15:28:34,457] Trial 70 finished with value: 0.06859219392148674 and parameters: {'max_depth': 7, 'gamma': 0, 'max_delta_step': 17, 'min_child_weight': 17, 'learning_rate': 0.23878813790575432, 'subsample': 0.07082531472380248, 'n_estimators': 104}. Best is trial 62 with value: 0.21516605904177843.\n",
      "[I 2025-02-07 15:28:34,990] Trial 71 finished with value: 0.18295654051549015 and parameters: {'max_depth': 9, 'gamma': 0, 'max_delta_step': 19, 'min_child_weight': 14, 'learning_rate': 0.15953900326647916, 'subsample': 0.10420362237672806, 'n_estimators': 118}. Best is trial 62 with value: 0.21516605904177843.\n",
      "[I 2025-02-07 15:28:35,243] Trial 72 finished with value: -0.0015779082761011587 and parameters: {'max_depth': 9, 'gamma': 0, 'max_delta_step': 19, 'min_child_weight': 14, 'learning_rate': 0.16940706732273875, 'subsample': 0.020721078265386675, 'n_estimators': 126}. Best is trial 62 with value: 0.21516605904177843.\n",
      "[I 2025-02-07 15:28:35,679] Trial 73 finished with value: -0.06423881330896064 and parameters: {'max_depth': 9, 'gamma': 1, 'max_delta_step': 17, 'min_child_weight': 15, 'learning_rate': 0.25459628076351554, 'subsample': 0.1879787439616711, 'n_estimators': 113}. Best is trial 62 with value: 0.21516605904177843.\n",
      "[I 2025-02-07 15:28:35,968] Trial 74 finished with value: 0.011269933971088997 and parameters: {'max_depth': 7, 'gamma': 2, 'max_delta_step': 19, 'min_child_weight': 16, 'learning_rate': 0.3382429097754942, 'subsample': 0.09215600840998205, 'n_estimators': 140}. Best is trial 62 with value: 0.21516605904177843.\n",
      "[I 2025-02-07 15:28:36,231] Trial 75 finished with value: 0.07348372436004802 and parameters: {'max_depth': 6, 'gamma': 0, 'max_delta_step': 18, 'min_child_weight': 15, 'learning_rate': 0.2898209909782454, 'subsample': 0.043544781752104814, 'n_estimators': 105}. Best is trial 62 with value: 0.21516605904177843.\n",
      "[I 2025-02-07 15:28:36,715] Trial 76 finished with value: 0.19561750324006777 and parameters: {'max_depth': 10, 'gamma': 1, 'max_delta_step': 18, 'min_child_weight': 19, 'learning_rate': 0.1398234774015445, 'subsample': 0.16343441581853604, 'n_estimators': 117}. Best is trial 62 with value: 0.21516605904177843.\n",
      "[I 2025-02-07 15:28:37,113] Trial 77 finished with value: 0.17125919488844665 and parameters: {'max_depth': 10, 'gamma': 1, 'max_delta_step': 18, 'min_child_weight': 19, 'learning_rate': 0.14246845344781853, 'subsample': 0.157341893224239, 'n_estimators': 117}. Best is trial 62 with value: 0.21516605904177843.\n",
      "[I 2025-02-07 15:28:37,423] Trial 78 finished with value: 0.14612025018914443 and parameters: {'max_depth': 11, 'gamma': 2, 'max_delta_step': 17, 'min_child_weight': 19, 'learning_rate': 0.17761676852819866, 'subsample': 0.20282725258462525, 'n_estimators': 97}. Best is trial 62 with value: 0.21516605904177843.\n",
      "[I 2025-02-07 15:28:37,692] Trial 79 finished with value: -6.809261648044185e-05 and parameters: {'max_depth': 8, 'gamma': 3, 'max_delta_step': 17, 'min_child_weight': 13, 'learning_rate': 0.2057129223823003, 'subsample': 0.0036012761914209213, 'n_estimators': 150}. Best is trial 62 with value: 0.21516605904177843.\n",
      "[I 2025-02-07 15:28:38,022] Trial 80 finished with value: 0.17891639013128713 and parameters: {'max_depth': 12, 'gamma': 1, 'max_delta_step': 16, 'min_child_weight': 18, 'learning_rate': 0.12795352522761344, 'subsample': 0.14798913411750303, 'n_estimators': 130}. Best is trial 62 with value: 0.21516605904177843.\n",
      "[I 2025-02-07 15:28:38,583] Trial 81 finished with value: 0.1288146164837628 and parameters: {'max_depth': 12, 'gamma': 1, 'max_delta_step': 16, 'min_child_weight': 18, 'learning_rate': 0.13704289888900872, 'subsample': 0.14701101577482995, 'n_estimators': 129}. Best is trial 62 with value: 0.21516605904177843.\n",
      "[I 2025-02-07 15:28:38,920] Trial 82 finished with value: 0.16938770913623913 and parameters: {'max_depth': 11, 'gamma': 2, 'max_delta_step': 15, 'min_child_weight': 14, 'learning_rate': 0.09776201497516465, 'subsample': 0.10892166702758896, 'n_estimators': 137}. Best is trial 62 with value: 0.21516605904177843.\n",
      "[I 2025-02-07 15:28:39,299] Trial 83 finished with value: 0.17431429472448812 and parameters: {'max_depth': 13, 'gamma': 1, 'max_delta_step': 18, 'min_child_weight': 20, 'learning_rate': 0.16330154697449054, 'subsample': 0.16937161801363745, 'n_estimators': 144}. Best is trial 62 with value: 0.21516605904177843.\n",
      "[I 2025-02-07 15:28:39,718] Trial 84 finished with value: 0.18077728489007205 and parameters: {'max_depth': 16, 'gamma': 0, 'max_delta_step': 15, 'min_child_weight': 18, 'learning_rate': 0.11870186026195542, 'subsample': 0.28348432202910023, 'n_estimators': 114}. Best is trial 62 with value: 0.21516605904177843.\n",
      "[I 2025-02-07 15:28:40,083] Trial 85 finished with value: 0.1889960052934886 and parameters: {'max_depth': 15, 'gamma': 0, 'max_delta_step': 20, 'min_child_weight': 17, 'learning_rate': 0.039748820864694945, 'subsample': 0.21214756169811, 'n_estimators': 112}. Best is trial 62 with value: 0.21516605904177843.\n",
      "[I 2025-02-07 15:28:40,339] Trial 86 finished with value: 0.18126928620098015 and parameters: {'max_depth': 10, 'gamma': 2, 'max_delta_step': 20, 'min_child_weight': 15, 'learning_rate': 0.05351999301233723, 'subsample': 0.2107354545170384, 'n_estimators': 90}. Best is trial 62 with value: 0.21516605904177843.\n",
      "[I 2025-02-07 15:28:40,691] Trial 87 finished with value: 0.030751696194322053 and parameters: {'max_depth': 20, 'gamma': 3, 'max_delta_step': 19, 'min_child_weight': 17, 'learning_rate': 0.002976215226449183, 'subsample': 0.06385698014803795, 'n_estimators': 163}. Best is trial 62 with value: 0.21516605904177843.\n",
      "[I 2025-02-07 15:28:41,017] Trial 88 finished with value: 0.16520893836151018 and parameters: {'max_depth': 5, 'gamma': 0, 'max_delta_step': 20, 'min_child_weight': 17, 'learning_rate': 0.02395188493363981, 'subsample': 0.25281463908728813, 'n_estimators': 81}. Best is trial 62 with value: 0.21516605904177843.\n",
      "[I 2025-02-07 15:28:41,340] Trial 89 finished with value: 0.15803506457861227 and parameters: {'max_depth': 18, 'gamma': 2, 'max_delta_step': 18, 'min_child_weight': 13, 'learning_rate': 0.05159893988289833, 'subsample': 0.18007993000725264, 'n_estimators': 122}. Best is trial 62 with value: 0.21516605904177843.\n",
      "[I 2025-02-07 15:28:41,755] Trial 90 finished with value: 0.16060736257216335 and parameters: {'max_depth': 9, 'gamma': 0, 'max_delta_step': 18, 'min_child_weight': 12, 'learning_rate': 0.08936213323716256, 'subsample': 0.13179323860510117, 'n_estimators': 100}. Best is trial 62 with value: 0.21516605904177843.\n",
      "[I 2025-02-07 15:28:42,024] Trial 91 finished with value: 0.158938069566946 and parameters: {'max_depth': 6, 'gamma': 2, 'max_delta_step': 20, 'min_child_weight': 15, 'learning_rate': 0.05424988338069649, 'subsample': 0.22721037956909876, 'n_estimators': 94}. Best is trial 62 with value: 0.21516605904177843.\n",
      "[I 2025-02-07 15:28:42,446] Trial 92 finished with value: -0.07052359293742327 and parameters: {'max_depth': 10, 'gamma': 1, 'max_delta_step': 19, 'min_child_weight': 2, 'learning_rate': 0.07119119020596235, 'subsample': 0.20336023877307324, 'n_estimators': 110}. Best is trial 62 with value: 0.21516605904177843.\n",
      "[I 2025-02-07 15:28:42,729] Trial 93 finished with value: 0.212655626723121 and parameters: {'max_depth': 10, 'gamma': 3, 'max_delta_step': 20, 'min_child_weight': 14, 'learning_rate': 0.09889612004668219, 'subsample': 0.10320893760762506, 'n_estimators': 87}. Best is trial 62 with value: 0.21516605904177843.\n",
      "[I 2025-02-07 15:28:43,016] Trial 94 finished with value: 0.16972122558920244 and parameters: {'max_depth': 11, 'gamma': 3, 'max_delta_step': 17, 'min_child_weight': 14, 'learning_rate': 0.22102468987495577, 'subsample': 0.10654992060232958, 'n_estimators': 85}. Best is trial 62 with value: 0.21516605904177843.\n",
      "[I 2025-02-07 15:28:43,268] Trial 95 finished with value: 0.15863840984431643 and parameters: {'max_depth': 5, 'gamma': 4, 'max_delta_step': 19, 'min_child_weight': 14, 'learning_rate': 0.10547791811444533, 'subsample': 0.13284910801066574, 'n_estimators': 120}. Best is trial 62 with value: 0.21516605904177843.\n",
      "[I 2025-02-07 15:28:43,531] Trial 96 finished with value: -2.4389394290391664e-05 and parameters: {'max_depth': 4, 'gamma': 20, 'max_delta_step': 18, 'min_child_weight': 14, 'learning_rate': 0.1543806623221701, 'subsample': 0.059013015254752575, 'n_estimators': 104}. Best is trial 62 with value: 0.21516605904177843.\n",
      "[I 2025-02-07 15:28:43,796] Trial 97 finished with value: 0.14417383469969458 and parameters: {'max_depth': 8, 'gamma': 1, 'max_delta_step': 20, 'min_child_weight': 13, 'learning_rate': 0.18317282957325853, 'subsample': 0.08311880168118652, 'n_estimators': 76}. Best is trial 62 with value: 0.21516605904177843.\n",
      "[I 2025-02-07 15:28:44,135] Trial 98 finished with value: 0.01668824418620829 and parameters: {'max_depth': 9, 'gamma': 0, 'max_delta_step': 17, 'min_child_weight': 15, 'learning_rate': 0.1369425619347908, 'subsample': 0.02570462564112351, 'n_estimators': 225}. Best is trial 62 with value: 0.21516605904177843.\n",
      "[I 2025-02-07 15:28:44,407] Trial 99 finished with value: 0.11349236322761824 and parameters: {'max_depth': 6, 'gamma': 2, 'max_delta_step': 20, 'min_child_weight': 13, 'learning_rate': 0.19721398794353878, 'subsample': 0.17318160927799545, 'n_estimators': 101}. Best is trial 62 with value: 0.21516605904177843.\n",
      "[I 2025-02-07 15:28:44,644] Trial 100 finished with value: -0.0005287482158462531 and parameters: {'max_depth': 7, 'gamma': 19, 'max_delta_step': 19, 'min_child_weight': 16, 'learning_rate': 0.02535897874032447, 'subsample': 0.10692660935454902, 'n_estimators': 115}. Best is trial 62 with value: 0.21516605904177843.\n",
      "[I 2025-02-07 15:28:44,922] Trial 101 finished with value: 0.1477206947961709 and parameters: {'max_depth': 10, 'gamma': 3, 'max_delta_step': 20, 'min_child_weight': 19, 'learning_rate': 0.04991948121974801, 'subsample': 0.7660270964043308, 'n_estimators': 91}. Best is trial 62 with value: 0.21516605904177843.\n",
      "[I 2025-02-07 15:28:45,186] Trial 102 finished with value: 0.1416543704188371 and parameters: {'max_depth': 11, 'gamma': 2, 'max_delta_step': 20, 'min_child_weight': 15, 'learning_rate': 0.1005259990674781, 'subsample': 0.21331750065206823, 'n_estimators': 88}. Best is trial 62 with value: 0.21516605904177843.\n",
      "[I 2025-02-07 15:28:45,458] Trial 103 finished with value: 0.17876638159715874 and parameters: {'max_depth': 10, 'gamma': 1, 'max_delta_step': 9, 'min_child_weight': 14, 'learning_rate': 0.11302047307606503, 'subsample': 0.13619110483693514, 'n_estimators': 80}. Best is trial 62 with value: 0.21516605904177843.\n",
      "[I 2025-02-07 15:28:45,744] Trial 104 finished with value: 0.15694518664555546 and parameters: {'max_depth': 4, 'gamma': 3, 'max_delta_step': 14, 'min_child_weight': 15, 'learning_rate': 0.07733853604486221, 'subsample': 0.18762546583889342, 'n_estimators': 111}. Best is trial 62 with value: 0.21516605904177843.\n",
      "[I 2025-02-07 15:28:46,027] Trial 105 finished with value: 0.14385515796515258 and parameters: {'max_depth': 14, 'gamma': 5, 'max_delta_step': 19, 'min_child_weight': 12, 'learning_rate': 0.16420903567214865, 'subsample': 0.36581392804304436, 'n_estimators': 72}. Best is trial 62 with value: 0.21516605904177843.\n",
      "[I 2025-02-07 15:28:46,317] Trial 106 finished with value: 0.07913423720228485 and parameters: {'max_depth': 12, 'gamma': 11, 'max_delta_step': 18, 'min_child_weight': 16, 'learning_rate': 0.03935926480996138, 'subsample': 0.27651117126831043, 'n_estimators': 55}. Best is trial 62 with value: 0.21516605904177843.\n",
      "[I 2025-02-07 15:28:46,566] Trial 107 finished with value: 0.17351359127388755 and parameters: {'max_depth': 8, 'gamma': 4, 'max_delta_step': 20, 'min_child_weight': 17, 'learning_rate': 0.06822491967954644, 'subsample': 0.23818340507104907, 'n_estimators': 95}. Best is trial 62 with value: 0.21516605904177843.\n",
      "[I 2025-02-07 15:28:46,902] Trial 108 finished with value: -1.640145353342449 and parameters: {'max_depth': 5, 'gamma': 2, 'max_delta_step': 19, 'min_child_weight': 14, 'learning_rate': 0.9048158317783018, 'subsample': 0.30000774197171065, 'n_estimators': 88}. Best is trial 62 with value: 0.21516605904177843.\n",
      "[I 2025-02-07 15:28:47,269] Trial 109 finished with value: 0.06876690946807351 and parameters: {'max_depth': 19, 'gamma': 0, 'max_delta_step': 16, 'min_child_weight': 13, 'learning_rate': 0.13678574307351193, 'subsample': 0.1162772937348151, 'n_estimators': 107}. Best is trial 62 with value: 0.21516605904177843.\n",
      "[I 2025-02-07 15:28:47,510] Trial 110 finished with value: 0.04430248026843275 and parameters: {'max_depth': 9, 'gamma': 16, 'max_delta_step': 17, 'min_child_weight': 15, 'learning_rate': 0.08976064319668231, 'subsample': 0.16969008819319886, 'n_estimators': 123}. Best is trial 62 with value: 0.21516605904177843.\n",
      "[I 2025-02-07 15:28:48,013] Trial 111 finished with value: 0.111518363403186 and parameters: {'max_depth': 17, 'gamma': 0, 'max_delta_step': 16, 'min_child_weight': 18, 'learning_rate': 0.12112468781310344, 'subsample': 0.5572603433812809, 'n_estimators': 116}. Best is trial 62 with value: 0.21516605904177843.\n",
      "[I 2025-02-07 15:28:48,382] Trial 112 finished with value: 0.1425728336606945 and parameters: {'max_depth': 16, 'gamma': 1, 'max_delta_step': 15, 'min_child_weight': 19, 'learning_rate': 0.10761151564109464, 'subsample': 0.24781945774628994, 'n_estimators': 126}. Best is trial 62 with value: 0.21516605904177843.\n",
      "[I 2025-02-07 15:28:48,729] Trial 113 finished with value: 0.2289092424234367 and parameters: {'max_depth': 16, 'gamma': 0, 'max_delta_step': 15, 'min_child_weight': 18, 'learning_rate': 0.16199012886165273, 'subsample': 0.1523002281837741, 'n_estimators': 100}. Best is trial 113 with value: 0.2289092424234367.\n",
      "[I 2025-02-07 15:28:49,034] Trial 114 finished with value: 0.0703232301963802 and parameters: {'max_depth': 17, 'gamma': 1, 'max_delta_step': 14, 'min_child_weight': 16, 'learning_rate': 0.24929120440681118, 'subsample': 0.15125411176979703, 'n_estimators': 98}. Best is trial 113 with value: 0.2289092424234367.\n",
      "[I 2025-02-07 15:28:49,318] Trial 115 finished with value: 0.1949431569318395 and parameters: {'max_depth': 15, 'gamma': 0, 'max_delta_step': 13, 'min_child_weight': 17, 'learning_rate': 0.17631758087153004, 'subsample': 0.08167942962079847, 'n_estimators': 101}. Best is trial 113 with value: 0.2289092424234367.\n",
      "[I 2025-02-07 15:28:49,602] Trial 116 finished with value: 0.16777144755323414 and parameters: {'max_depth': 15, 'gamma': 0, 'max_delta_step': 15, 'min_child_weight': 17, 'learning_rate': 0.21655961252397501, 'subsample': 0.07745829566117232, 'n_estimators': 101}. Best is trial 113 with value: 0.2289092424234367.\n",
      "[I 2025-02-07 15:28:49,913] Trial 117 finished with value: -0.002605558537168262 and parameters: {'max_depth': 15, 'gamma': 0, 'max_delta_step': 13, 'min_child_weight': 20, 'learning_rate': 0.18058152473790895, 'subsample': 0.04188844486575716, 'n_estimators': 83}. Best is trial 113 with value: 0.2289092424234367.\n",
      "[I 2025-02-07 15:28:50,309] Trial 118 finished with value: 0.02170881076881659 and parameters: {'max_depth': 14, 'gamma': 1, 'max_delta_step': 13, 'min_child_weight': 17, 'learning_rate': 0.27379498707132144, 'subsample': 0.10296213936120835, 'n_estimators': 131}. Best is trial 113 with value: 0.2289092424234367.\n",
      "[I 2025-02-07 15:28:50,624] Trial 119 finished with value: 0.07081635585019885 and parameters: {'max_depth': 16, 'gamma': 0, 'max_delta_step': 10, 'min_child_weight': 18, 'learning_rate': 0.1581910753540753, 'subsample': 0.06169450784779834, 'n_estimators': 119}. Best is trial 113 with value: 0.2289092424234367.\n",
      "[I 2025-02-07 15:28:50,997] Trial 120 finished with value: 0.13612636295690395 and parameters: {'max_depth': 15, 'gamma': 1, 'max_delta_step': 12, 'min_child_weight': 12, 'learning_rate': 0.1966956351316805, 'subsample': 0.09073335978212474, 'n_estimators': 110}. Best is trial 113 with value: 0.2289092424234367.\n",
      "[I 2025-02-07 15:28:51,269] Trial 121 finished with value: 0.18493535975534625 and parameters: {'max_depth': 9, 'gamma': 2, 'max_delta_step': 18, 'min_child_weight': 14, 'learning_rate': 0.14952162424044776, 'subsample': 0.19633515159632653, 'n_estimators': 89}. Best is trial 113 with value: 0.2289092424234367.\n",
      "[I 2025-02-07 15:28:51,530] Trial 122 finished with value: 0.15247893182714456 and parameters: {'max_depth': 5, 'gamma': 2, 'max_delta_step': 16, 'min_child_weight': 14, 'learning_rate': 0.15000592720707012, 'subsample': 0.12643158161375348, 'n_estimators': 93}. Best is trial 113 with value: 0.2289092424234367.\n",
      "[I 2025-02-07 15:28:51,867] Trial 123 finished with value: 0.19134740719955579 and parameters: {'max_depth': 6, 'gamma': 1, 'max_delta_step': 14, 'min_child_weight': 19, 'learning_rate': 0.1692223211388909, 'subsample': 0.1572024039484118, 'n_estimators': 106}. Best is trial 113 with value: 0.2289092424234367.\n",
      "[I 2025-02-07 15:28:52,204] Trial 124 finished with value: 0.09679869051676782 and parameters: {'max_depth': 16, 'gamma': 1, 'max_delta_step': 14, 'min_child_weight': 19, 'learning_rate': 0.2295480175129892, 'subsample': 0.15842275345344176, 'n_estimators': 103}. Best is trial 113 with value: 0.2289092424234367.\n",
      "[I 2025-02-07 15:28:52,567] Trial 125 finished with value: 0.15106611277431736 and parameters: {'max_depth': 7, 'gamma': 0, 'max_delta_step': 15, 'min_child_weight': 19, 'learning_rate': 0.17597444010322943, 'subsample': 0.1373650421212533, 'n_estimators': 96}. Best is trial 113 with value: 0.2289092424234367.\n",
      "[I 2025-02-07 15:28:53,015] Trial 126 finished with value: 0.16900896658271602 and parameters: {'max_depth': 8, 'gamma': 0, 'max_delta_step': 13, 'min_child_weight': 18, 'learning_rate': 0.13148481963498773, 'subsample': 0.18651168531356568, 'n_estimators': 109}. Best is trial 113 with value: 0.2289092424234367.\n",
      "[I 2025-02-07 15:28:53,282] Trial 127 finished with value: 0.19991786248220633 and parameters: {'max_depth': 9, 'gamma': 1, 'max_delta_step': 14, 'min_child_weight': 20, 'learning_rate': 0.20434550045661193, 'subsample': 0.09976877905027788, 'n_estimators': 78}. Best is trial 113 with value: 0.2289092424234367.\n",
      "[I 2025-02-07 15:28:53,542] Trial 128 finished with value: -0.02321869373343821 and parameters: {'max_depth': 4, 'gamma': 1, 'max_delta_step': 14, 'min_child_weight': 20, 'learning_rate': 0.21816864997117866, 'subsample': 0.021866841068425083, 'n_estimators': 71}. Best is trial 113 with value: 0.2289092424234367.\n",
      "[I 2025-02-07 15:28:53,846] Trial 129 finished with value: 0.04463610968833853 and parameters: {'max_depth': 13, 'gamma': 3, 'max_delta_step': 14, 'min_child_weight': 20, 'learning_rate': 0.28410321347832956, 'subsample': 0.07372203413951922, 'n_estimators': 80}. Best is trial 113 with value: 0.2289092424234367.\n",
      "[I 2025-02-07 15:28:54,266] Trial 130 finished with value: 0.1713723197507918 and parameters: {'max_depth': 6, 'gamma': 2, 'max_delta_step': 15, 'min_child_weight': 19, 'learning_rate': 0.2414718385064895, 'subsample': 0.1599539276476411, 'n_estimators': 87}. Best is trial 113 with value: 0.2289092424234367.\n",
      "[I 2025-02-07 15:28:54,538] Trial 131 finished with value: 0.17740314283184344 and parameters: {'max_depth': 9, 'gamma': 1, 'max_delta_step': 18, 'min_child_weight': 20, 'learning_rate': 0.1955947510713506, 'subsample': 0.11684838302679015, 'n_estimators': 76}. Best is trial 113 with value: 0.2289092424234367.\n",
      "[I 2025-02-07 15:28:54,858] Trial 132 finished with value: 0.1540456511046684 and parameters: {'max_depth': 9, 'gamma': 0, 'max_delta_step': 17, 'min_child_weight': 18, 'learning_rate': 0.16313551331325962, 'subsample': 0.10060477007522363, 'n_estimators': 107}. Best is trial 113 with value: 0.2289092424234367.\n",
      "[I 2025-02-07 15:28:55,083] Trial 133 finished with value: 0.13183665453288307 and parameters: {'max_depth': 10, 'gamma': 0, 'max_delta_step': 13, 'min_child_weight': 18, 'learning_rate': 0.6188199264599084, 'subsample': 0.04270332627137222, 'n_estimators': 99}. Best is trial 113 with value: 0.2289092424234367.\n",
      "[I 2025-02-07 15:28:55,369] Trial 134 finished with value: 0.17694129855231966 and parameters: {'max_depth': 11, 'gamma': 1, 'max_delta_step': 15, 'min_child_weight': 19, 'learning_rate': 0.17901835382334763, 'subsample': 0.08969376377632766, 'n_estimators': 91}. Best is trial 113 with value: 0.2289092424234367.\n",
