      "[I 2025-02-07 15:28:16,465] Trial 0 finished with value: 0.0395191437115342 and parameters: {'max_depth': 8, 'gamma': 19, 'max_delta_step': 15, 'min_child_weight': 12, 'learning_rate': 0.1568626218019941, 'subsample': 0.15683852581586644, 'n_estimators': 23}. Best is trial 0 with value: 0.0395191437115342.\n",
      "[I 2025-02-07 15:28:16,624] Trial 1 finished with value: -0.203632929744739 and parameters: {'max_depth': 18, 'gamma': 12, 'max_delta_step': 14, 'min_child_weight': 1, 'learning_rate': 0.9699399423098324, 'subsample': 0.8326101981596213, 'n_estimators': 61}. Best is trial 0 with value: 0.0395191437115342.\n",
      "[I 2025-02-07 15:28:16,920] Trial 2 finished with value: -0.08177786666915665 and parameters: {'max_depth': 4, 'gamma': 3, 'max_delta_step': 6, 'min_child_weight': 11, 'learning_rate': 0.43251307362347363, 'subsample': 0.2919379110578439, 'n_estimators': 157}. Best is trial 0 with value: 0.0395191437115342.\n",
      "[I 2025-02-07 15:28:17,156] Trial 3 finished with value: -0.5932398439319324 and parameters: {'max_depth': 3, 'gamma': 6, 'max_delta_step': 7, 'min_child_weight': 10, 'learning_rate': 0.7853907854316206, 'subsample': 0.2004741083762014, 'n_estimators': 133}. Best is trial 0 with value: 0.0395191437115342.\n",
      "[I 2025-02-07 15:28:18,056] Trial 4 finished with value: -0.15895243907303103 and parameters: {'max_depth': 12, 'gamma': 0, 'max_delta_step': 12, 'min_child_weight': 4, 'learning_rate': 0.06598654139229423, 'subsample': 0.9489366517160799, 'n_estimators': 242}. Best is trial 0 with value: 0.0395191437115342.\n",
      "[I 2025-02-07 15:28:18,288] Trial 5 finished with value: -0.037595131176821894 and parameters: {'max_depth': 17, 'gamma': 6, 'max_delta_step': 2, 'min_child_weight': 14, 'learning_rate': 0.4407123412458617, 'subsample': 0.12291619660993405, 'n_estimators': 129}. Best is trial 0 with value: 0.0395191437115342.\n",
      "[I 2025-02-07 15:28:18,629] Trial 6 finished with value: 0.1005269203017447 and parameters: {'max_depth': 1, 'gamma': 19, 'max_delta_step': 5, 'min_child_weight': 14, 'learning_rate': 0.31239936501332155, 'subsample': 0.520547953156633, 'n_estimators': 141}. Best is trial 6 with value: 0.1005269203017447.\n",
      "[I 2025-02-07 15:28:18,932] Trial 7 finished with value: -0.10673991692190743 and parameters: {'max_depth': 4, 'gamma': 20, 'max_delta_step': 16, 'min_child_weight': 19, 'learning_rate': 0.8949325230772212, 'subsample': 0.598302078832274, 'n_estimators': 232}. Best is trial 6 with value: 0.1005269203017447.\n",
      "[I 2025-02-07 15:28:19,228] Trial 8 finished with value: -0.2115421853945434 and parameters: {'max_depth': 2, 'gamma': 4, 'max_delta_step': 0, 'min_child_weight': 7, 'learning_rate': 0.3892886123997925, 'subsample': 0.272077682742122, 'n_estimators': 209}. Best is trial 6 with value: 0.1005269203017447.\n",
      "[I 2025-02-07 15:28:19,829] Trial 9 finished with value: -4111.508924079037 and parameters: {'max_depth': 8, 'gamma': 5, 'max_delta_step': 11, 'min_child_weight': 3, 'learning_rate': 0.8023947837732857, 'subsample': 0.07547609303609105, 'n_estimators': 247}. Best is trial 6 with value: 0.1005269203017447.\n",
      "[I 2025-02-07 15:28:20,040] Trial 10 finished with value: 0.12435760963066189 and parameters: {'max_depth': 11, 'gamma': 14, 'max_delta_step': 20, 'min_child_weight': 18, 'learning_rate': 0.2734141903238835, 'subsample': 0.5414029642673724, 'n_estimators': 97}. Best is trial 10 with value: 0.12435760963066189.\n",
      "[I 2025-02-07 15:28:20,234] Trial 11 finished with value: 0.13140635715792592 and parameters: {'max_depth': 13, 'gamma': 15, 'max_delta_step': 20, 'min_child_weight': 18, 'learning_rate': 0.23404003767141715, 'subsample': 0.5378289209456484, 'n_estimators': 89}. Best is trial 11 with value: 0.13140635715792592.\n",
      "[I 2025-02-07 15:28:20,489] Trial 12 finished with value: 0.06620687340508336 and parameters: {'max_depth': 14, 'gamma': 14, 'max_delta_step': 20, 'min_child_weight': 20, 'learning_rate': 0.2166202046721727, 'subsample': 0.6851547293930649, 'n_estimators': 77}. Best is trial 11 with value: 0.13140635715792592.\n",
      "[I 2025-02-07 15:28:20,770] Trial 13 finished with value: 0.010874334852017165 and parameters: {'max_depth': 14, 'gamma': 15, 'max_delta_step': 20, 'min_child_weight': 17, 'learning_rate': 0.5733830271817772, 'subsample': 0.42870029005583954, 'n_estimators': 92}. Best is trial 11 with value: 0.13140635715792592.\n",
      "[I 2025-02-07 15:28:21,004] Trial 14 finished with value: 0.01127642830739961 and parameters: {'max_depth': 9, 'gamma': 10, 'max_delta_step': 18, 'min_child_weight': 17, 'learning_rate': 0.5912169907230393, 'subsample': 0.6980976810165741, 'n_estimators': 34}. Best is trial 11 with value: 0.13140635715792592.\n",
      "[I 2025-02-07 15:28:21,397] Trial 15 finished with value: 0.032521511571804496 and parameters: {'max_depth': 20, 'gamma': 15, 'max_delta_step': 18, 'min_child_weight': 17, 'learning_rate': 0.005134937064367545, 'subsample': 0.4140006855930202, 'n_estimators': 100}. Best is trial 11 with value: 0.13140635715792592.\n",
      "[I 2025-02-07 15:28:21,793] Trial 16 finished with value: 0.10565736156689942 and parameters: {'max_depth': 12, 'gamma': 10, 'max_delta_step': 17, 'min_child_weight': 15, 'learning_rate': 0.30043013005464, 'subsample': 0.794850718747977, 'n_estimators': 180}. Best is trial 11 with value: 0.13140635715792592.\n",
      "[I 2025-02-07 15:28:22,047] Trial 17 finished with value: 0.10184781963825273 and parameters: {'max_depth': 15, 'gamma': 17, 'max_delta_step': 13, 'min_child_weight': 20, 'learning_rate': 0.1542125358707155, 'subsample': 0.5321059767843839, 'n_estimators': 53}. Best is trial 11 with value: 0.13140635715792592.\n",
      "[I 2025-02-07 15:28:22,334] Trial 18 finished with value: 0.1341775028286305 and parameters: {'max_depth': 6, 'gamma': 13, 'max_delta_step': 9, 'min_child_weight': 8, 'learning_rate': 0.2742674445564709, 'subsample': 0.3893804255915998, 'n_estimators': 109}. Best is trial 18 with value: 0.1341775028286305.\n",
      "[I 2025-02-07 15:28:22,562] Trial 19 finished with value: -0.11236319753648694 and parameters: {'max_depth': 6, 'gamma': 8, 'max_delta_step': 9, 'min_child_weight': 8, 'learning_rate': 0.573571128275111, 'subsample': 0.37796680719585496, 'n_estimators': 109}. Best is trial 18 with value: 0.1341775028286305.\n",
      "[I 2025-02-07 15:28:22,852] Trial 20 finished with value: -0.00040170854446008875 and parameters: {'max_depth': 6, 'gamma': 12, 'max_delta_step': 8, 'min_child_weight': 7, 'learning_rate': 0.10222641727195561, 'subsample': 0.004859154795805787, 'n_estimators': 179}. Best is trial 18 with value: 0.1341775028286305.\n",
      "[I 2025-02-07 15:28:23,148] Trial 21 finished with value: 0.049125637014468704 and parameters: {'max_depth': 11, 'gamma': 13, 'max_delta_step': 10, 'min_child_weight': 9, 'learning_rate': 0.2741285884445652, 'subsample': 0.5834656582635457, 'n_estimators': 113}. Best is trial 18 with value: 0.1341775028286305.\n",
      "[I 2025-02-07 15:28:23,385] Trial 22 finished with value: 0.10088767130769238 and parameters: {'max_depth': 10, 'gamma': 17, 'max_delta_step': 4, 'min_child_weight': 5, 'learning_rate': 0.3501373107531228, 'subsample': 0.33325052583171977, 'n_estimators': 59}. Best is trial 18 with value: 0.1341775028286305.\n",
      "[I 2025-02-07 15:28:23,766] Trial 23 finished with value: 0.11308107266086631 and parameters: {'max_depth': 7, 'gamma': 17, 'max_delta_step': 18, 'min_child_weight': 12, 'learning_rate': 0.24083841438086362, 'subsample': 0.44873980326974855, 'n_estimators': 84}. Best is trial 18 with value: 0.1341775028286305.\n",
      "[I 2025-02-07 15:28:24,064] Trial 24 finished with value: 0.002061947434064626 and parameters: {'max_depth': 13, 'gamma': 11, 'max_delta_step': 20, 'min_child_weight': 18, 'learning_rate': 0.4899984208649612, 'subsample': 0.6552055481470146, 'n_estimators': 119}. Best is trial 18 with value: 0.1341775028286305.\n",
      "[I 2025-02-07 15:28:24,260] Trial 25 finished with value: 0.1326666503235786 and parameters: {'max_depth': 10, 'gamma': 8, 'max_delta_step': 15, 'min_child_weight': 15, 'learning_rate': 0.19522399276778457, 'subsample': 0.48871911661859047, 'n_estimators': 75}. Best is trial 18 with value: 0.1341775028286305.\n",
      "[I 2025-02-07 15:28:24,484] Trial 26 finished with value: 0.14301362685864816 and parameters: {'max_depth': 5, 'gamma': 9, 'max_delta_step': 14, 'min_child_weight': 15, 'learning_rate': 0.13903044657056976, 'subsample': 0.46147041767084673, 'n_estimators': 41}. Best is trial 26 with value: 0.14301362685864816.\n",
      "[I 2025-02-07 15:28:24,734] Trial 27 finished with value: 0.014066081367773764 and parameters: {'max_depth': 5, 'gamma': 8, 'max_delta_step': 12, 'min_child_weight': 15, 'learning_rate': 0.004385280843998363, 'subsample': 0.26144889935563764, 'n_estimators': 37}. Best is trial 26 with value: 0.14301362685864816.\n",
      "[I 2025-02-07 15:28:24,878] Trial 28 finished with value: 0.13698107088605438 and parameters: {'max_depth': 9, 'gamma': 8, 'max_delta_step': 14, 'min_child_weight': 13, 'learning_rate': 0.15390546445078357, 'subsample': 0.47274519221206146, 'n_estimators': 14}. Best is trial 26 with value: 0.14301362685864816.\n",
      "[I 2025-02-07 15:28:25,010] Trial 29 finished with value: 0.10273111037147653 and parameters: {'max_depth': 8, 'gamma': 9, 'max_delta_step': 14, 'min_child_weight': 13, 'learning_rate': 0.12784981321732589, 'subsample': 0.3581812115150807, 'n_estimators': 15}. Best is trial 26 with value: 0.14301362685864816.\n",
      "[I 2025-02-07 15:28:25,172] Trial 30 finished with value: 0.18207409449916212 and parameters: {'max_depth': 6, 'gamma': 2, 'max_delta_step': 10, 'min_child_weight': 12, 'learning_rate': 0.10325607682984506, 'subsample': 0.1969882252773792, 'n_estimators': 24}. Best is trial 30 with value: 0.18207409449916212.\n",
      "[I 2025-02-07 15:28:25,337] Trial 31 finished with value: 0.09429737541332273 and parameters: {'max_depth': 7, 'gamma': 2, 'max_delta_step': 10, 'min_child_weight': 11, 'learning_rate': 0.06649649183080387, 'subsample': 0.19185167337425715, 'n_estimators': 11}. Best is trial 30 with value: 0.18207409449916212.\n",
      "[I 2025-02-07 15:28:25,590] Trial 32 finished with value: 0.13342583386937712 and parameters: {'max_depth': 5, 'gamma': 0, 'max_delta_step': 8, 'min_child_weight': 12, 'learning_rate': 0.16566137716972734, 'subsample': 0.22487285345682126, 'n_estimators': 35}. Best is trial 30 with value: 0.18207409449916212.\n",
      "[I 2025-02-07 15:28:25,949] Trial 33 finished with value: 0.15281022258533683 and parameters: {'max_depth': 3, 'gamma': 2, 'max_delta_step': 14, 'min_child_weight': 10, 'learning_rate': 0.06863422140655429, 'subsample': 0.3220077806305631, 'n_estimators': 49}. Best is trial 30 with value: 0.18207409449916212.\n",
      "[I 2025-02-07 15:28:26,228] Trial 34 finished with value: 0.15608965705437783 and parameters: {'max_depth': 3, 'gamma': 2, 'max_delta_step': 14, 'min_child_weight': 10, 'learning_rate': 0.08044604168892622, 'subsample': 0.3220880477682864, 'n_estimators': 45}. Best is trial 30 with value: 0.18207409449916212.\n",
      "[I 2025-02-07 15:28:26,543] Trial 35 finished with value: 0.15599047120631093 and parameters: {'max_depth': 3, 'gamma': 1, 'max_delta_step': 12, 'min_child_weight': 10, 'learning_rate': 0.06152062677363261, 'subsample': 0.3080615601799128, 'n_estimators': 50}. Best is trial 30 with value: 0.18207409449916212.\n",
      "[I 2025-02-07 15:28:26,855] Trial 36 finished with value: 0.16156583081557663 and parameters: {'max_depth': 3, 'gamma': 2, 'max_delta_step': 11, 'min_child_weight': 10, 'learning_rate': 0.07230307704329952, 'subsample': 0.13280694604482626, 'n_estimators': 66}. Best is trial 30 with value: 0.18207409449916212.\n",
      "[I 2025-02-07 15:28:27,046] Trial 37 finished with value: 0.13833483985132833 and parameters: {'max_depth': 1, 'gamma': 2, 'max_delta_step': 12, 'min_child_weight': 9, 'learning_rate': 0.031301573844430566, 'subsample': 0.0852238135506998, 'n_estimators': 65}. Best is trial 30 with value: 0.18207409449916212.\n",
      "[I 2025-02-07 15:28:27,229] Trial 38 finished with value: 0.10392336896231202 and parameters: {'max_depth': 3, 'gamma': 0, 'max_delta_step': 11, 'min_child_weight': 11, 'learning_rate': 0.09254738787771223, 'subsample': 0.14699079439652696, 'n_estimators': 28}. Best is trial 30 with value: 0.18207409449916212.\n",
      "[I 2025-02-07 15:28:27,433] Trial 39 finished with value: -0.00010811964013490716 and parameters: {'max_depth': 2, 'gamma': 3, 'max_delta_step': 6, 'min_child_weight': 6, 'learning_rate': 0.04234024263010971, 'subsample': 0.004869256860177806, 'n_estimators': 65}. Best is trial 30 with value: 0.18207409449916212.\n",
      "[I 2025-02-07 15:28:27,609] Trial 40 finished with value: -0.19537884029657326 and parameters: {'max_depth': 4, 'gamma': 6, 'max_delta_step': 11, 'min_child_weight': 9, 'learning_rate': 0.7013619317859779, 'subsample': 0.2260445948437562, 'n_estimators': 50}. Best is trial 30 with value: 0.18207409449916212.\n",
      "[I 2025-02-07 15:28:27,833] Trial 41 finished with value: 0.16261780395744752 and parameters: {'max_depth': 3, 'gamma': 1, 'max_delta_step': 13, 'min_child_weight': 10, 'learning_rate': 0.0894435373972336, 'subsample': 0.3163842988398426, 'n_estimators': 46}. Best is trial 30 with value: 0.18207409449916212.\n",
      "[I 2025-02-07 15:28:28,055] Trial 42 finished with value: 0.15083669418676793 and parameters: {'max_depth': 2, 'gamma': 1, 'max_delta_step': 13, 'min_child_weight': 11, 'learning_rate': 0.08120805748788334, 'subsample': 0.2888958831134645, 'n_estimators': 25}. Best is trial 30 with value: 0.18207409449916212.\n",
      "[I 2025-02-07 15:28:28,252] Trial 43 finished with value: 0.16983937373379765 and parameters: {'max_depth': 1, 'gamma': 4, 'max_delta_step': 12, 'min_child_weight': 10, 'learning_rate': 0.11389684805831454, 'subsample': 0.11790105460519806, 'n_estimators': 69}. Best is trial 30 with value: 0.18207409449916212.\n",
      "[I 2025-02-07 15:28:28,446] Trial 44 finished with value: -0.5584346497191439 and parameters: {'max_depth': 1, 'gamma': 4, 'max_delta_step': 16, 'min_child_weight': 13, 'learning_rate': 0.998642291626727, 'subsample': 0.09388769280828618, 'n_estimators': 74}. Best is trial 30 with value: 0.18207409449916212.\n",
      "[I 2025-02-07 15:28:28,643] Trial 45 finished with value: 0.1089891097763932 and parameters: {'max_depth': 2, 'gamma': 4, 'max_delta_step': 13, 'min_child_weight': 8, 'learning_rate': 0.1144062173398826, 'subsample': 0.17478574157929683, 'n_estimators': 44}. Best is trial 30 with value: 0.18207409449916212.\n",
      "[I 2025-02-07 15:28:28,788] Trial 46 finished with value: -0.012727486023741186 and parameters: {'max_depth': 4, 'gamma': 3, 'max_delta_step': 9, 'min_child_weight': 1, 'learning_rate': 0.18332001089932076, 'subsample': 0.12546090782600308, 'n_estimators': 22}. Best is trial 30 with value: 0.18207409449916212.\n",
      "[I 2025-02-07 15:28:28,959] Trial 47 finished with value: -0.031225335756644323 and parameters: {'max_depth': 4, 'gamma': 5, 'max_delta_step': 15, 'min_child_weight': 12, 'learning_rate': 0.3740127158064802, 'subsample': 0.04917525837938817, 'n_estimators': 64}. Best is trial 30 with value: 0.18207409449916212.\n",
      "[I 2025-02-07 15:28:29,226] Trial 48 finished with value: 0.11464617809845323 and parameters: {'max_depth': 1, 'gamma': 1, 'max_delta_step': 11, 'min_child_weight': 10, 'learning_rate': 0.21965119136671626, 'subsample': 0.2182359144736249, 'n_estimators': 79}. Best is trial 30 with value: 0.18207409449916212.\n",
      "[I 2025-02-07 15:28:29,547] Trial 49 finished with value: 0.12676280918563743 and parameters: {'max_depth': 2, 'gamma': 5, 'max_delta_step': 16, 'min_child_weight': 7, 'learning_rate': 0.013177326344623874, 'subsample': 0.25798698894106475, 'n_estimators': 135}. Best is trial 30 with value: 0.18207409449916212.\n",
      "[I 2025-02-07 15:28:29,694] Trial 50 finished with value: 0.16104365108370378 and parameters: {'max_depth': 3, 'gamma': 6, 'max_delta_step': 7, 'min_child_weight': 9, 'learning_rate': 0.43994722381659646, 'subsample': 0.15967667819270442, 'n_estimators': 28}. Best is trial 30 with value: 0.18207409449916212.\n",
      "[I 2025-02-07 15:28:29,843] Trial 51 finished with value: -0.7393804291732267 and parameters: {'max_depth': 3, 'gamma': 6, 'max_delta_step': 7, 'min_child_weight': 9, 'learning_rate': 0.8303176456142821, 'subsample': 0.17186576318722935, 'n_estimators': 27}. Best is trial 30 with value: 0.18207409449916212.\n",
      "[I 2025-02-07 15:28:30,131] Trial 52 finished with value: -0.35125612697665254 and parameters: {'max_depth': 4, 'gamma': 3, 'max_delta_step': 4, 'min_child_weight': 10, 'learning_rate': 0.428758894154517, 'subsample': 0.14721546712310402, 'n_estimators': 152}. Best is trial 30 with value: 0.18207409449916212.\n",
      "[I 2025-02-07 15:28:30,299] Trial 53 finished with value: -0.15697371139063043 and parameters: {'max_depth': 1, 'gamma': 4, 'max_delta_step': 10, 'min_child_weight': 12, 'learning_rate': 0.6854495343940635, 'subsample': 0.0394503072089159, 'n_estimators': 60}. Best is trial 30 with value: 0.18207409449916212.\n",
      "[I 2025-02-07 15:28:30,482] Trial 54 finished with value: 0.13521711672282222 and parameters: {'max_depth': 3, 'gamma': 2, 'max_delta_step': 6, 'min_child_weight': 8, 'learning_rate': 0.11759269767447805, 'subsample': 0.09878102642821868, 'n_estimators': 40}. Best is trial 30 with value: 0.18207409449916212.\n",
      "[I 2025-02-07 15:28:30,654] Trial 55 finished with value: 0.13825792869787779 and parameters: {'max_depth': 5, 'gamma': 0, 'max_delta_step': 8, 'min_child_weight': 11, 'learning_rate': 0.32607384741041534, 'subsample': 0.9377244346886708, 'n_estimators': 20}. Best is trial 30 with value: 0.18207409449916212.\n",
      "[I 2025-02-07 15:28:30,822] Trial 56 finished with value: 0.15191159877087934 and parameters: {'max_depth': 2, 'gamma': 1, 'max_delta_step': 2, 'min_child_weight': 9, 'learning_rate': 0.19105869476766008, 'subsample': 0.2545963465789691, 'n_estimators': 30}. Best is trial 30 with value: 0.18207409449916212.\n",
      "[I 2025-02-07 15:28:31,035] Trial 57 finished with value: 0.19958827883911623 and parameters: {'max_depth': 7, 'gamma': 3, 'max_delta_step': 12, 'min_child_weight': 14, 'learning_rate': 0.24657925961416427, 'subsample': 0.1188226965645793, 'n_estimators': 55}. Best is trial 57 with value: 0.19958827883911623.\n",
      "[I 2025-02-07 15:28:31,246] Trial 58 finished with value: -0.05890194225227963 and parameters: {'max_depth': 7, 'gamma': 7, 'max_delta_step': 10, 'min_child_weight': 14, 'learning_rate': 0.5218747969326288, 'subsample': 0.12725194768455858, 'n_estimators': 97}. Best is trial 57 with value: 0.19958827883911623.\n",
      "[I 2025-02-07 15:28:31,430] Trial 59 finished with value: -0.027596575343410867 and parameters: {'max_depth': 6, 'gamma': 5, 'max_delta_step': 12, 'min_child_weight': 13, 'learning_rate': 0.26328949505978805, 'subsample': 0.0573669619474268, 'n_estimators': 57}. Best is trial 57 with value: 0.19958827883911623.\n",
      "[I 2025-02-07 15:28:31,631] Trial 60 finished with value: 0.03215876048434907 and parameters: {'max_depth': 8, 'gamma': 3, 'max_delta_step': 13, 'min_child_weight': 16, 'learning_rate': 0.41689425737968633, 'subsample': 0.1958763191177055, 'n_estimators': 69}. Best is trial 57 with value: 0.19958827883911623.\n",
      "[I 2025-02-07 15:28:31,809] Trial 61 finished with value: 0.12774536122163516 and parameters: {'max_depth': 3, 'gamma': 4, 'max_delta_step': 11, 'min_child_weight': 7, 'learning_rate': 0.0372113852471988, 'subsample': 0.11430161733303237, 'n_estimators': 47}. Best is trial 57 with value: 0.19958827883911623.\n",
      "[I 2025-02-07 15:28:32,043] Trial 62 finished with value: 0.21516605904177843 and parameters: {'max_depth': 4, 'gamma': 2, 'max_delta_step': 15, 'min_child_weight': 14, 'learning_rate': 0.10783473678493416, 'subsample': 0.15675772385258432, 'n_estimators': 88}. Best is trial 62 with value: 0.21516605904177843.\n",
      "[I 2025-02-07 15:28:32,262] Trial 63 finished with value: 0.18593660318089156 and parameters: {'max_depth': 5, 'gamma': 3, 'max_delta_step': 15, 'min_child_weight': 14, 'learning_rate': 0.14664434984421715, 'subsample': 0.1572424584324067, 'n_estimators': 86}. Best is trial 62 with value: 0.21516605904177843.\n",
      "[I 2025-02-07 15:28:32,500] Trial 64 finished with value: 0.14506454285149584 and parameters: {'max_depth': 6, 'gamma': 3, 'max_delta_step': 16, 'min_child_weight': 14, 'learning_rate': 0.14741579884742112, 'subsample': 0.23569514470957292, 'n_estimators': 86}. Best is trial 62 with value: 0.21516605904177843.\n",
      "[I 2025-02-07 15:28:32,720] Trial 65 finished with value: -0.008607393617910963 and parameters: {'max_depth': 5, 'gamma': 1, 'max_delta_step': 15, 'min_child_weight': 16, 'learning_rate': 0.20510936224046075, 'subsample': 0.02853505216918878, 'n_estimators': 92}. Best is trial 62 with value: 0.21516605904177843.\n",
      "[I 2025-02-07 15:28:33,038] Trial 66 finished with value: 0.1848909259434358 and parameters: {'max_depth': 4, 'gamma': 0, 'max_delta_step': 17, 'min_child_weight': 14, 'learning_rate': 0.10819319518441924, 'subsample': 0.08176766845916428, 'n_estimators': 102}. Best is trial 62 with value: 0.21516605904177843.\n",
      "[I 2025-02-07 15:28:33,358] Trial 67 finished with value: 0.20567589080246695 and parameters: {'max_depth': 7, 'gamma': 0, 'max_delta_step': 17, 'min_child_weight': 16, 'learning_rate': 0.24063271166249556, 'subsample': 0.08630684145080271, 'n_estimators': 116}. Best is trial 62 with value: 0.21516605904177843.\n",
