      "[I 2025-02-07 15:29:18,406] Trial 202 finished with value: 0.18576386316495963 and parameters: {'max_depth': 15, 'gamma': 1, 'max_delta_step': 7, 'min_child_weight': 17, 'learning_rate': 0.07961894146041247, 'subsample': 0.1521930509667367, 'n_estimators': 99}. Best is trial 113 with value: 0.2289092424234367.\n",
      "[I 2025-02-07 15:29:18,723] Trial 203 finished with value: 0.19765790580582188 and parameters: {'max_depth': 16, 'gamma': 0, 'max_delta_step': 8, 'min_child_weight': 18, 'learning_rate': 0.11745666697038674, 'subsample': 0.11745214385963626, 'n_estimators': 93}. Best is trial 113 with value: 0.2289092424234367.\n",
      "[I 2025-02-07 15:29:18,993] Trial 204 finished with value: 0.18692488287639053 and parameters: {'max_depth': 15, 'gamma': 1, 'max_delta_step': 6, 'min_child_weight': 19, 'learning_rate': 0.05494722768123858, 'subsample': 0.11970797541377834, 'n_estimators': 93}. Best is trial 113 with value: 0.2289092424234367.\n",
      "[I 2025-02-07 15:29:19,310] Trial 205 finished with value: 0.15883289774981912 and parameters: {'max_depth': 16, 'gamma': 0, 'max_delta_step': 8, 'min_child_weight': 16, 'learning_rate': 0.09884463265727231, 'subsample': 0.09393705086266291, 'n_estimators': 88}. Best is trial 113 with value: 0.2289092424234367.\n",
      "[I 2025-02-07 15:29:19,750] Trial 206 finished with value: 0.1688288007404165 and parameters: {'max_depth': 17, 'gamma': 2, 'max_delta_step': 9, 'min_child_weight': 18, 'learning_rate': 0.11554355471945627, 'subsample': 0.16901498198823245, 'n_estimators': 99}. Best is trial 113 with value: 0.2289092424234367.\n",
      "[I 2025-02-07 15:29:20,076] Trial 207 finished with value: 0.20135164489031387 and parameters: {'max_depth': 14, 'gamma': 1, 'max_delta_step': 7, 'min_child_weight': 20, 'learning_rate': 0.08792213117374043, 'subsample': 0.14724989921874035, 'n_estimators': 104}. Best is trial 113 with value: 0.2289092424234367.\n",
      "[I 2025-02-07 15:29:20,392] Trial 208 finished with value: 0.1946787699489333 and parameters: {'max_depth': 14, 'gamma': 1, 'max_delta_step': 7, 'min_child_weight': 20, 'learning_rate': 0.04121705088740218, 'subsample': 0.135324321089759, 'n_estimators': 92}. Best is trial 113 with value: 0.2289092424234367.\n",
      "[I 2025-02-07 15:29:20,683] Trial 209 finished with value: 0.17173317445439273 and parameters: {'max_depth': 14, 'gamma': 2, 'max_delta_step': 7, 'min_child_weight': 20, 'learning_rate': 0.02584702585564183, 'subsample': 0.14109048313391942, 'n_estimators': 92}. Best is trial 113 with value: 0.2289092424234367.\n",
      "[I 2025-02-07 15:29:20,912] Trial 210 finished with value: 0.016239046076066188 and parameters: {'max_depth': 14, 'gamma': 18, 'max_delta_step': 7, 'min_child_weight': 20, 'learning_rate': 0.036630114120853256, 'subsample': 0.13669727471870316, 'n_estimators': 81}. Best is trial 113 with value: 0.2289092424234367.\n",
      "[I 2025-02-07 15:29:21,232] Trial 211 finished with value: 0.20170990477509754 and parameters: {'max_depth': 15, 'gamma': 1, 'max_delta_step': 8, 'min_child_weight': 20, 'learning_rate': 0.06608443132903333, 'subsample': 0.11057532562075406, 'n_estimators': 98}. Best is trial 113 with value: 0.2289092424234367.\n",
      "[I 2025-02-07 15:29:21,533] Trial 212 finished with value: 0.1975859896724862 and parameters: {'max_depth': 14, 'gamma': 1, 'max_delta_step': 7, 'min_child_weight': 20, 'learning_rate': 0.05850018420258775, 'subsample': 0.107614227625728, 'n_estimators': 98}. Best is trial 113 with value: 0.2289092424234367.\n",
      "[I 2025-02-07 15:29:21,830] Trial 213 finished with value: 0.21045923178681025 and parameters: {'max_depth': 15, 'gamma': 1, 'max_delta_step': 6, 'min_child_weight': 20, 'learning_rate': 0.05376070018395633, 'subsample': 0.10216659605453698, 'n_estimators': 96}. Best is trial 113 with value: 0.2289092424234367.\n",
      "[I 2025-02-07 15:29:22,088] Trial 214 finished with value: 0.09508724864032458 and parameters: {'max_depth': 13, 'gamma': 2, 'max_delta_step': 6, 'min_child_weight': 20, 'learning_rate': 0.05723953697231471, 'subsample': 0.0758919587592828, 'n_estimators': 86}. Best is trial 113 with value: 0.2289092424234367.\n",
      "[I 2025-02-07 15:29:22,390] Trial 215 finished with value: 0.12981096288987715 and parameters: {'max_depth': 14, 'gamma': 1, 'max_delta_step': 5, 'min_child_weight': 20, 'learning_rate': 0.019955152223645092, 'subsample': 0.0937814039809144, 'n_estimators': 96}. Best is trial 113 with value: 0.2289092424234367.\n",
      "[I 2025-02-07 15:29:22,689] Trial 216 finished with value: 0.19103252277056015 and parameters: {'max_depth': 15, 'gamma': 1, 'max_delta_step': 6, 'min_child_weight': 20, 'learning_rate': 0.04359046077180043, 'subsample': 0.10677982724450046, 'n_estimators': 88}. Best is trial 113 with value: 0.2289092424234367.\n",
      "[I 2025-02-07 15:29:22,944] Trial 217 finished with value: 0.18648269109889926 and parameters: {'max_depth': 16, 'gamma': 2, 'max_delta_step': 7, 'min_child_weight': 20, 'learning_rate': 0.04774264669436122, 'subsample': 0.10330407841776384, 'n_estimators': 92}. Best is trial 113 with value: 0.2289092424234367.\n",
      "[I 2025-02-07 15:29:23,220] Trial 218 finished with value: 0.07807025631913533 and parameters: {'max_depth': 15, 'gamma': 1, 'max_delta_step': 5, 'min_child_weight': 20, 'learning_rate': 0.06453388226145737, 'subsample': 0.05888885973888481, 'n_estimators': 93}. Best is trial 113 with value: 0.2289092424234367.\n",
      "[I 2025-02-07 15:29:23,567] Trial 219 finished with value: 0.19153346851602193 and parameters: {'max_depth': 14, 'gamma': 0, 'max_delta_step': 7, 'min_child_weight': 20, 'learning_rate': 0.0716603054436703, 'subsample': 0.11750918830407787, 'n_estimators': 99}. Best is trial 113 with value: 0.2289092424234367.\n",
      "[I 2025-02-07 15:29:23,825] Trial 220 finished with value: 0.08717786954503215 and parameters: {'max_depth': 16, 'gamma': 1, 'max_delta_step': 6, 'min_child_weight': 20, 'learning_rate': 0.017094427981707773, 'subsample': 0.08736659817622677, 'n_estimators': 83}. Best is trial 113 with value: 0.2289092424234367.\n",
      "[I 2025-02-07 15:29:24,165] Trial 221 finished with value: 0.18951364601080778 and parameters: {'max_depth': 15, 'gamma': 1, 'max_delta_step': 8, 'min_child_weight': 19, 'learning_rate': 0.07430522805013548, 'subsample': 0.13381906146787997, 'n_estimators': 98}. Best is trial 113 with value: 0.2289092424234367.\n",
      "[I 2025-02-07 15:29:24,512] Trial 222 finished with value: 0.21081657836401935 and parameters: {'max_depth': 15, 'gamma': 0, 'max_delta_step': 7, 'min_child_weight': 20, 'learning_rate': 0.08982762877684258, 'subsample': 0.12264549393884135, 'n_estimators': 96}. Best is trial 113 with value: 0.2289092424234367.\n",
      "[I 2025-02-07 15:29:24,855] Trial 223 finished with value: 0.20532750371170005 and parameters: {'max_depth': 13, 'gamma': 0, 'max_delta_step': 7, 'min_child_weight': 20, 'learning_rate': 0.09710799363953308, 'subsample': 0.11783298817018928, 'n_estimators': 90}. Best is trial 113 with value: 0.2289092424234367.\n",
      "[I 2025-02-07 15:29:25,194] Trial 224 finished with value: 0.18804078727410434 and parameters: {'max_depth': 15, 'gamma': 0, 'max_delta_step': 7, 'min_child_weight': 20, 'learning_rate': 0.09862772676046604, 'subsample': 0.11425835960851381, 'n_estimators': 102}. Best is trial 113 with value: 0.2289092424234367.\n",
      "[I 2025-02-07 15:29:25,469] Trial 225 finished with value: 0.13829837468243178 and parameters: {'max_depth': 16, 'gamma': 0, 'max_delta_step': 12, 'min_child_weight': 20, 'learning_rate': 0.09183172940050571, 'subsample': 0.07684526415133935, 'n_estimators': 87}. Best is trial 113 with value: 0.2289092424234367.\n",
      "[I 2025-02-07 15:29:25,784] Trial 226 finished with value: 0.17213688685990536 and parameters: {'max_depth': 13, 'gamma': 0, 'max_delta_step': 7, 'min_child_weight': 19, 'learning_rate': 0.11498990606341175, 'subsample': 0.10652917287513955, 'n_estimators': 95}. Best is trial 113 with value: 0.2289092424234367.\n",
      "[I 2025-02-07 15:29:26,101] Trial 227 finished with value: -0.629577933552919 and parameters: {'max_depth': 15, 'gamma': 0, 'max_delta_step': 5, 'min_child_weight': 19, 'learning_rate': 0.7197236542317325, 'subsample': 0.15362711112192837, 'n_estimators': 89}. Best is trial 113 with value: 0.2289092424234367.\n",
      "[I 2025-02-07 15:29:26,407] Trial 228 finished with value: 0.17056725160771158 and parameters: {'max_depth': 15, 'gamma': 0, 'max_delta_step': 8, 'min_child_weight': 20, 'learning_rate': 0.06998938959094145, 'subsample': 0.08556860726286525, 'n_estimators': 103}. Best is trial 113 with value: 0.2289092424234367.\n",
      "[I 2025-02-07 15:29:26,658] Trial 229 finished with value: -0.022469081026724957 and parameters: {'max_depth': 17, 'gamma': 0, 'max_delta_step': 7, 'min_child_weight': 19, 'learning_rate': 0.09127633368189865, 'subsample': 0.03538434149636116, 'n_estimators': 80}. Best is trial 113 with value: 0.2289092424234367.\n",
      "[I 2025-02-07 15:29:26,966] Trial 230 finished with value: 0.16235248129193514 and parameters: {'max_depth': 12, 'gamma': 0, 'max_delta_step': 6, 'min_child_weight': 20, 'learning_rate': 0.12659800218579842, 'subsample': 0.12614610814704377, 'n_estimators': 95}. Best is trial 113 with value: 0.2289092424234367.\n",
      "[I 2025-02-07 15:29:27,242] Trial 231 finished with value: 0.2153419270005159 and parameters: {'max_depth': 14, 'gamma': 1, 'max_delta_step': 7, 'min_child_weight': 20, 'learning_rate': 0.05052285835688374, 'subsample': 0.1469024349318395, 'n_estimators': 91}. Best is trial 113 with value: 0.2289092424234367.\n",
      "[I 2025-02-07 15:29:27,547] Trial 232 finished with value: 0.1899516720133385 and parameters: {'max_depth': 14, 'gamma': 1, 'max_delta_step': 6, 'min_child_weight': 20, 'learning_rate': 0.055815606726912145, 'subsample': 0.17232227803508285, 'n_estimators': 90}. Best is trial 113 with value: 0.2289092424234367.\n",
      "[I 2025-02-07 15:29:27,868] Trial 233 finished with value: 0.19747244649798334 and parameters: {'max_depth': 15, 'gamma': 1, 'max_delta_step': 8, 'min_child_weight': 20, 'learning_rate': 0.07753938839600105, 'subsample': 0.14911031776657344, 'n_estimators': 97}. Best is trial 113 with value: 0.2289092424234367.\n",
      "[I 2025-02-07 15:29:28,130] Trial 234 finished with value: 0.15843254068615076 and parameters: {'max_depth': 14, 'gamma': 2, 'max_delta_step': 7, 'min_child_weight': 20, 'learning_rate': 0.08040857580948374, 'subsample': 0.725824693423865, 'n_estimators': 84}. Best is trial 113 with value: 0.2289092424234367.\n",
      "[I 2025-02-07 15:29:28,420] Trial 235 finished with value: 0.1882593855490119 and parameters: {'max_depth': 16, 'gamma': 1, 'max_delta_step': 8, 'min_child_weight': 20, 'learning_rate': 0.0599416879998117, 'subsample': 0.15147236764900687, 'n_estimators': 98}. Best is trial 113 with value: 0.2289092424234367.\n",
      "[I 2025-02-07 15:29:28,713] Trial 236 finished with value: 0.17863790968105742 and parameters: {'max_depth': 15, 'gamma': 2, 'max_delta_step': 8, 'min_child_weight': 19, 'learning_rate': 0.10360381049162226, 'subsample': 0.17382189806277867, 'n_estimators': 91}. Best is trial 113 with value: 0.2289092424234367.\n",
      "[I 2025-02-07 15:29:29,138] Trial 237 finished with value: 0.18973979914770556 and parameters: {'max_depth': 15, 'gamma': 1, 'max_delta_step': 7, 'min_child_weight': 20, 'learning_rate': 0.07595078635547074, 'subsample': 0.12750754469161063, 'n_estimators': 96}. Best is trial 113 with value: 0.2289092424234367.\n",
      "[I 2025-02-07 15:29:29,471] Trial 238 finished with value: 0.1929525974591183 and parameters: {'max_depth': 13, 'gamma': 1, 'max_delta_step': 9, 'min_child_weight': 19, 'learning_rate': 0.03855267343082509, 'subsample': 0.142382608877183, 'n_estimators': 106}. Best is trial 113 with value: 0.2289092424234367.\n",
      "[I 2025-02-07 15:29:29,721] Trial 239 finished with value: 0.20632052481346908 and parameters: {'max_depth': 16, 'gamma': 2, 'max_delta_step': 7, 'min_child_weight': 19, 'learning_rate': 0.09559675705921292, 'subsample': 0.10964391665164472, 'n_estimators': 86}. Best is trial 113 with value: 0.2289092424234367.\n",
      "[I 2025-02-07 15:29:30,012] Trial 240 finished with value: 0.2010516584240588 and parameters: {'max_depth': 16, 'gamma': 2, 'max_delta_step': 6, 'min_child_weight': 19, 'learning_rate': 0.1099354359414785, 'subsample': 0.10993168717823724, 'n_estimators': 77}. Best is trial 113 with value: 0.2289092424234367.\n",
      "[I 2025-02-07 15:29:30,253] Trial 241 finished with value: 0.2096454509758766 and parameters: {'max_depth': 16, 'gamma': 2, 'max_delta_step': 6, 'min_child_weight': 19, 'learning_rate': 0.11308899305840364, 'subsample': 0.1061992690269006, 'n_estimators': 79}. Best is trial 113 with value: 0.2289092424234367.\n",
      "[I 2025-02-07 15:29:30,514] Trial 242 finished with value: 0.19345103492660498 and parameters: {'max_depth': 16, 'gamma': 2, 'max_delta_step': 6, 'min_child_weight': 20, 'learning_rate': 0.10622061516052513, 'subsample': 0.10410273387478369, 'n_estimators': 81}. Best is trial 113 with value: 0.2289092424234367.\n",
      "[I 2025-02-07 15:29:30,746] Trial 243 finished with value: 0.1924055157273764 and parameters: {'max_depth': 17, 'gamma': 2, 'max_delta_step': 5, 'min_child_weight': 19, 'learning_rate': 0.08620244102031908, 'subsample': 0.1146803660593839, 'n_estimators': 75}. Best is trial 113 with value: 0.2289092424234367.\n",
      "[I 2025-02-07 15:29:30,984] Trial 244 finished with value: 0.18775314446729752 and parameters: {'max_depth': 16, 'gamma': 3, 'max_delta_step': 6, 'min_child_weight': 19, 'learning_rate': 0.12027341614952346, 'subsample': 0.09723050984351653, 'n_estimators': 75}. Best is trial 113 with value: 0.2289092424234367.\n",
      "[I 2025-02-07 15:29:31,264] Trial 245 finished with value: 0.21182813900813013 and parameters: {'max_depth': 16, 'gamma': 2, 'max_delta_step': 6, 'min_child_weight': 20, 'learning_rate': 0.10257410489857238, 'subsample': 0.12017280754310286, 'n_estimators': 83}. Best is trial 113 with value: 0.2289092424234367.\n",
      "[I 2025-02-07 15:29:31,520] Trial 246 finished with value: 0.19537762852239204 and parameters: {'max_depth': 16, 'gamma': 2, 'max_delta_step': 6, 'min_child_weight': 19, 'learning_rate': 0.10295500119239487, 'subsample': 0.11420294228904171, 'n_estimators': 85}. Best is trial 113 with value: 0.2289092424234367.\n",
      "[I 2025-02-07 15:29:31,780] Trial 247 finished with value: 0.07519250351869733 and parameters: {'max_depth': 16, 'gamma': 2, 'max_delta_step': 7, 'min_child_weight': 20, 'learning_rate': 0.13440963381491847, 'subsample': 0.06467011256382924, 'n_estimators': 80}. Best is trial 113 with value: 0.2289092424234367.\n",
      "[I 2025-02-07 15:29:31,997] Trial 248 finished with value: 0.15451858021586173 and parameters: {'max_depth': 17, 'gamma': 3, 'max_delta_step': 6, 'min_child_weight': 19, 'learning_rate': 0.09897396490807878, 'subsample': 0.09465050515644761, 'n_estimators': 72}. Best is trial 113 with value: 0.2289092424234367.\n",
      "[I 2025-02-07 15:29:32,258] Trial 249 finished with value: 0.20980109492093746 and parameters: {'max_depth': 16, 'gamma': 3, 'max_delta_step': 5, 'min_child_weight': 20, 'learning_rate': 0.11530887144593926, 'subsample': 0.12140482533343538, 'n_estimators': 78}. Best is trial 113 with value: 0.2289092424234367.\n",
      "[I 2025-02-07 15:29:32,623] Trial 250 finished with value: 0.1927964429656991 and parameters: {'max_depth': 16, 'gamma': 3, 'max_delta_step': 5, 'min_child_weight': 20, 'learning_rate': 0.12481422626024793, 'subsample': 0.1244604062651614, 'n_estimators': 68}. Best is trial 113 with value: 0.2289092424234367.\n",
      "[I 2025-02-07 15:29:33,222] Trial 251 finished with value: 0.1827345646505124 and parameters: {'max_depth': 16, 'gamma': 4, 'max_delta_step': 4, 'min_child_weight': 19, 'learning_rate': 0.11317877722037668, 'subsample': 0.12331411709066847, 'n_estimators': 78}. Best is trial 113 with value: 0.2289092424234367.\n",
      "[I 2025-02-07 15:29:33,451] Trial 252 finished with value: 0.08724452242100933 and parameters: {'max_depth': 17, 'gamma': 3, 'max_delta_step': 5, 'min_child_weight': 20, 'learning_rate': 0.13161276609229636, 'subsample': 0.07826628253567428, 'n_estimators': 72}. Best is trial 113 with value: 0.2289092424234367.\n",
      "[I 2025-02-07 15:29:33,660] Trial 253 finished with value: 0.07081737175742353 and parameters: {'max_depth': 16, 'gamma': 10, 'max_delta_step': 6, 'min_child_weight': 19, 'learning_rate': 0.0927958223333735, 'subsample': 0.09641388110231187, 'n_estimators': 86}. Best is trial 113 with value: 0.2289092424234367.\n",
      "[I 2025-02-07 15:29:33,901] Trial 254 finished with value: 0.2089483351215241 and parameters: {'max_depth': 16, 'gamma': 2, 'max_delta_step': 6, 'min_child_weight': 20, 'learning_rate': 0.10925612792542935, 'subsample': 0.12682225034843395, 'n_estimators': 79}. Best is trial 113 with value: 0.2289092424234367.\n",
      "[I 2025-02-07 15:29:34,126] Trial 255 finished with value: 0.16158456875721616 and parameters: {'max_depth': 16, 'gamma': 2, 'max_delta_step': 6, 'min_child_weight': 20, 'learning_rate': 0.13898542915625975, 'subsample': 0.14735737442719832, 'n_estimators': 64}. Best is trial 113 with value: 0.2289092424234367.\n",
      "[I 2025-02-07 15:29:34,368] Trial 256 finished with value: 0.22231507878529733 and parameters: {'max_depth': 17, 'gamma': 2, 'max_delta_step': 4, 'min_child_weight': 20, 'learning_rate': 0.09447735269172891, 'subsample': 0.1319435786967543, 'n_estimators': 79}. Best is trial 113 with value: 0.2289092424234367.\n",
      "[I 2025-02-07 15:29:34,578] Trial 257 finished with value: 0.04174831326070294 and parameters: {'max_depth': 18, 'gamma': 3, 'max_delta_step': 4, 'min_child_weight': 20, 'learning_rate': 0.4000426975678574, 'subsample': 0.05537585663801509, 'n_estimators': 77}. Best is trial 113 with value: 0.2289092424234367.\n",
      "[I 2025-02-07 15:29:34,810] Trial 258 finished with value: 0.2192425072880898 and parameters: {'max_depth': 16, 'gamma': 2, 'max_delta_step': 3, 'min_child_weight': 20, 'learning_rate': 0.10321276891120926, 'subsample': 0.12913907083084605, 'n_estimators': 81}. Best is trial 113 with value: 0.2289092424234367.\n",
      "[I 2025-02-07 15:29:35,049] Trial 259 finished with value: 0.21746739346208277 and parameters: {'max_depth': 17, 'gamma': 2, 'max_delta_step': 3, 'min_child_weight': 20, 'learning_rate': 0.10320841037522106, 'subsample': 0.16477128861388723, 'n_estimators': 80}. Best is trial 113 with value: 0.2289092424234367.\n",
      "[I 2025-02-07 15:29:35,299] Trial 260 finished with value: 0.22688240571349572 and parameters: {'max_depth': 17, 'gamma': 2, 'max_delta_step': 4, 'min_child_weight': 20, 'learning_rate': 0.09940217000950831, 'subsample': 0.16856754316535044, 'n_estimators': 82}. Best is trial 113 with value: 0.2289092424234367.\n",
      "[I 2025-02-07 15:29:35,652] Trial 261 finished with value: 0.2065882605970758 and parameters: {'max_depth': 17, 'gamma': 2, 'max_delta_step': 2, 'min_child_weight': 20, 'learning_rate': 0.09345456710289413, 'subsample': 0.17730915944640352, 'n_estimators': 81}. Best is trial 113 with value: 0.2289092424234367.\n",
      "[I 2025-02-07 15:29:35,966] Trial 262 finished with value: 0.19634828904117163 and parameters: {'max_depth': 17, 'gamma': 2, 'max_delta_step': 3, 'min_child_weight': 20, 'learning_rate': 0.10263041947154004, 'subsample': 0.1843871621681237, 'n_estimators': 83}. Best is trial 113 with value: 0.2289092424234367.\n",
      "[I 2025-02-07 15:29:36,300] Trial 263 finished with value: 0.22501859262303214 and parameters: {'max_depth': 18, 'gamma': 2, 'max_delta_step': 4, 'min_child_weight': 20, 'learning_rate': 0.09800793253489476, 'subsample': 0.16961712721838484, 'n_estimators': 73}. Best is trial 113 with value: 0.2289092424234367.\n",
      "[I 2025-02-07 15:29:36,940] Trial 264 finished with value: 0.22269325447499 and parameters: {'max_depth': 18, 'gamma': 2, 'max_delta_step': 4, 'min_child_weight': 20, 'learning_rate': 0.14070580597682014, 'subsample': 0.176404491087374, 'n_estimators': 71}. Best is trial 113 with value: 0.2289092424234367.\n",
      "[I 2025-02-07 15:29:37,216] Trial 265 finished with value: 0.035731571474768575 and parameters: {'max_depth': 18, 'gamma': 2, 'max_delta_step': 2, 'min_child_weight': 20, 'learning_rate': 0.46728030597452236, 'subsample': 0.17976618996915308, 'n_estimators': 81}. Best is trial 113 with value: 0.2289092424234367.\n",
      "[I 2025-02-07 15:29:37,444] Trial 266 finished with value: 0.19518542458486043 and parameters: {'max_depth': 18, 'gamma': 3, 'max_delta_step': 3, 'min_child_weight': 20, 'learning_rate': 0.09346205115141613, 'subsample': 0.17038379510376742, 'n_estimators': 72}. Best is trial 113 with value: 0.2289092424234367.\n",
      "[I 2025-02-07 15:29:37,680] Trial 267 finished with value: 0.21179497618069287 and parameters: {'max_depth': 19, 'gamma': 2, 'max_delta_step': 1, 'min_child_weight': 20, 'learning_rate': 0.11467703005231858, 'subsample': 0.1923104606581763, 'n_estimators': 70}. Best is trial 113 with value: 0.2289092424234367.\n",
      "[I 2025-02-07 15:29:37,927] Trial 268 finished with value: 0.17182046507737048 and parameters: {'max_depth': 19, 'gamma': 2, 'max_delta_step': 3, 'min_child_weight': 20, 'learning_rate': 0.14463326502532353, 'subsample': 0.20171620023806325, 'n_estimators': 70}. Best is trial 113 with value: 0.2289092424234367.\n",
