      "[I 2025-02-07 15:28:55,778] Trial 135 finished with value: 0.09880202984018449 and parameters: {'max_depth': 9, 'gamma': 1, 'max_delta_step': 14, 'min_child_weight': 17, 'learning_rate': 0.3131302587785946, 'subsample': 0.1376936496611743, 'n_estimators': 84}. Best is trial 113 with value: 0.2289092424234367.\n",
      "[I 2025-02-07 15:28:56,058] Trial 136 finished with value: 0.0853045304029727 and parameters: {'max_depth': 14, 'gamma': 2, 'max_delta_step': 16, 'min_child_weight': 16, 'learning_rate': 0.1377669491790078, 'subsample': 0.061445187434273615, 'n_estimators': 117}. Best is trial 113 with value: 0.2289092424234367.\n",
      "[I 2025-02-07 15:28:56,328] Trial 137 finished with value: -0.09390159720054636 and parameters: {'max_depth': 7, 'gamma': 0, 'max_delta_step': 12, 'min_child_weight': 13, 'learning_rate': 0.3600693293233209, 'subsample': 0.4048529916766144, 'n_estimators': 62}. Best is trial 113 with value: 0.2289092424234367.\n",
      "[I 2025-02-07 15:28:56,611] Trial 138 finished with value: -0.02465365908795869 and parameters: {'max_depth': 8, 'gamma': 2, 'max_delta_step': 17, 'min_child_weight': 14, 'learning_rate': 0.4883265756622723, 'subsample': 0.6311839578448794, 'n_estimators': 125}. Best is trial 113 with value: 0.2289092424234367.\n",
      "[I 2025-02-07 15:28:56,990] Trial 139 finished with value: 0.07051273198714347 and parameters: {'max_depth': 10, 'gamma': 1, 'max_delta_step': 18, 'min_child_weight': 15, 'learning_rate': 0.26186929339661363, 'subsample': 0.11503641486117337, 'n_estimators': 102}. Best is trial 113 with value: 0.2289092424234367.\n",
      "[I 2025-02-07 15:28:57,258] Trial 140 finished with value: 0.13339786420867772 and parameters: {'max_depth': 17, 'gamma': 3, 'max_delta_step': 13, 'min_child_weight': 19, 'learning_rate': 0.2009675599823592, 'subsample': 0.19544696243324072, 'n_estimators': 112}. Best is trial 113 with value: 0.2289092424234367.\n",
      "[I 2025-02-07 15:28:57,564] Trial 141 finished with value: 0.16129807060378665 and parameters: {'max_depth': 6, 'gamma': 2, 'max_delta_step': 11, 'min_child_weight': 13, 'learning_rate': 0.11317690390280238, 'subsample': 0.1576899510725897, 'n_estimators': 93}. Best is trial 113 with value: 0.2289092424234367.\n",
      "[I 2025-02-07 15:28:57,853] Trial 142 finished with value: 0.17256257950351983 and parameters: {'max_depth': 4, 'gamma': 0, 'max_delta_step': 19, 'min_child_weight': 14, 'learning_rate': 0.08584327306112367, 'subsample': 0.21891549470067376, 'n_estimators': 97}. Best is trial 113 with value: 0.2289092424234367.\n",
      "[I 2025-02-07 15:28:58,108] Trial 143 finished with value: 0.17890415651453395 and parameters: {'max_depth': 5, 'gamma': 4, 'max_delta_step': 14, 'min_child_weight': 14, 'learning_rate': 0.15118680202196866, 'subsample': 0.14550665678151242, 'n_estimators': 105}. Best is trial 113 with value: 0.2289092424234367.\n",
      "[I 2025-02-07 15:28:58,353] Trial 144 finished with value: 0.15151013897040788 and parameters: {'max_depth': 7, 'gamma': 3, 'max_delta_step': 15, 'min_child_weight': 15, 'learning_rate': 0.12307398287224874, 'subsample': 0.17574171860096038, 'n_estimators': 83}. Best is trial 113 with value: 0.2289092424234367.\n",
      "[I 2025-02-07 15:28:58,858] Trial 145 finished with value: 0.1444427503517799 and parameters: {'max_depth': 6, 'gamma': 1, 'max_delta_step': 0, 'min_child_weight': 17, 'learning_rate': 0.09325371122218584, 'subsample': 0.20129038869114455, 'n_estimators': 113}. Best is trial 113 with value: 0.2289092424234367.\n",
      "[I 2025-02-07 15:28:59,176] Trial 146 finished with value: 0.04174649263854058 and parameters: {'max_depth': 9, 'gamma': 0, 'max_delta_step': 16, 'min_child_weight': 13, 'learning_rate': 0.17003382187291305, 'subsample': 0.12731149822086868, 'n_estimators': 78}. Best is trial 113 with value: 0.2289092424234367.\n",
      "[I 2025-02-07 15:28:59,423] Trial 147 finished with value: 0.15247210779672915 and parameters: {'max_depth': 5, 'gamma': 2, 'max_delta_step': 11, 'min_child_weight': 11, 'learning_rate': 0.15157375348920035, 'subsample': 0.08736882217445627, 'n_estimators': 68}. Best is trial 113 with value: 0.2289092424234367.\n",
      "[I 2025-02-07 15:28:59,867] Trial 148 finished with value: 0.15179490283858144 and parameters: {'max_depth': 15, 'gamma': 1, 'max_delta_step': 14, 'min_child_weight': 20, 'learning_rate': 0.21070537368849138, 'subsample': 0.1761805380155491, 'n_estimators': 90}. Best is trial 113 with value: 0.2289092424234367.\n",
      "[I 2025-02-07 15:29:00,101] Trial 149 finished with value: 0.15723320275091135 and parameters: {'max_depth': 8, 'gamma': 0, 'max_delta_step': 12, 'min_child_weight': 16, 'learning_rate': 0.07776505079993502, 'subsample': 0.10400648675096977, 'n_estimators': 35}. Best is trial 113 with value: 0.2289092424234367.\n",
      "[I 2025-02-07 15:29:00,375] Trial 150 finished with value: 0.20187260930734763 and parameters: {'max_depth': 10, 'gamma': 2, 'max_delta_step': 19, 'min_child_weight': 14, 'learning_rate': 0.12945238671690676, 'subsample': 0.15407954105924915, 'n_estimators': 99}. Best is trial 113 with value: 0.2289092424234367.\n",
      "[I 2025-02-07 15:29:00,542] Trial 151 finished with value: 0.13189928268745987 and parameters: {'max_depth': 10, 'gamma': 3, 'max_delta_step': 19, 'min_child_weight': 14, 'learning_rate': 0.12055959371285493, 'subsample': 0.14392573070781595, 'n_estimators': 19}. Best is trial 113 with value: 0.2289092424234367.\n",
      "[I 2025-02-07 15:29:00,812] Trial 152 finished with value: 0.15238106054369938 and parameters: {'max_depth': 10, 'gamma': 2, 'max_delta_step': 18, 'min_child_weight': 14, 'learning_rate': 0.1904642271011395, 'subsample': 0.16550554495128256, 'n_estimators': 107}. Best is trial 113 with value: 0.2289092424234367.\n",
      "[I 2025-02-07 15:29:01,107] Trial 153 finished with value: 0.1715473729071093 and parameters: {'max_depth': 11, 'gamma': 2, 'max_delta_step': 19, 'min_child_weight': 13, 'learning_rate': 0.1360527089673868, 'subsample': 0.12261722320235952, 'n_estimators': 99}. Best is trial 113 with value: 0.2289092424234367.\n",
      "[I 2025-02-07 15:29:01,531] Trial 154 finished with value: 0.12968577159892247 and parameters: {'max_depth': 7, 'gamma': 1, 'max_delta_step': 20, 'min_child_weight': 15, 'learning_rate': 0.10497361872479426, 'subsample': 0.2277271436944907, 'n_estimators': 119}. Best is trial 113 with value: 0.2289092424234367.\n",
      "[I 2025-02-07 15:29:01,774] Trial 155 finished with value: 0.1556689538254572 and parameters: {'max_depth': 4, 'gamma': 4, 'max_delta_step': 18, 'min_child_weight': 18, 'learning_rate': 0.16192084454895778, 'subsample': 0.9170348960049557, 'n_estimators': 86}. Best is trial 113 with value: 0.2289092424234367.\n",
      "[I 2025-02-07 15:29:02,066] Trial 156 finished with value: 0.16480261131287965 and parameters: {'max_depth': 6, 'gamma': 3, 'max_delta_step': 9, 'min_child_weight': 12, 'learning_rate': 0.06651607046833038, 'subsample': 0.1924282762060588, 'n_estimators': 103}. Best is trial 113 with value: 0.2289092424234367.\n",
      "[I 2025-02-07 15:29:02,376] Trial 157 finished with value: 0.13535604219915554 and parameters: {'max_depth': 9, 'gamma': 0, 'max_delta_step': 17, 'min_child_weight': 14, 'learning_rate': 0.17701041552030103, 'subsample': 0.07341819042612935, 'n_estimators': 95}. Best is trial 113 with value: 0.2289092424234367.\n",
      "[I 2025-02-07 15:29:02,739] Trial 158 finished with value: 0.1704847052260705 and parameters: {'max_depth': 8, 'gamma': 1, 'max_delta_step': 19, 'min_child_weight': 16, 'learning_rate': 0.022979511961203652, 'subsample': 0.10520122397400854, 'n_estimators': 114}. Best is trial 113 with value: 0.2289092424234367.\n",
      "[I 2025-02-07 15:29:03,054] Trial 159 finished with value: 0.08108352326079094 and parameters: {'max_depth': 11, 'gamma': 2, 'max_delta_step': 20, 'min_child_weight': 13, 'learning_rate': 0.13868285236574382, 'subsample': 0.05571387411423852, 'n_estimators': 133}. Best is trial 113 with value: 0.2289092424234367.\n",
      "[I 2025-02-07 15:29:03,380] Trial 160 finished with value: -0.2174863973994332 and parameters: {'max_depth': 5, 'gamma': 0, 'max_delta_step': 15, 'min_child_weight': 4, 'learning_rate': 0.22449601833621363, 'subsample': 0.15319657343123785, 'n_estimators': 109}. Best is trial 113 with value: 0.2289092424234367.\n",
      "[I 2025-02-07 15:29:03,551] Trial 161 finished with value: 0.04007608726531553 and parameters: {'max_depth': 10, 'gamma': 2, 'max_delta_step': 20, 'min_child_weight': 15, 'learning_rate': 0.06005834376188758, 'subsample': 0.22101602705518428, 'n_estimators': 10}. Best is trial 113 with value: 0.2289092424234367.\n",
      "[I 2025-02-07 15:29:03,854] Trial 162 finished with value: 0.16841643247761873 and parameters: {'max_depth': 10, 'gamma': 1, 'max_delta_step': 20, 'min_child_weight': 15, 'learning_rate': 0.042285146485958804, 'subsample': 0.19875287086504279, 'n_estimators': 89}. Best is trial 113 with value: 0.2289092424234367.\n",
      "[I 2025-02-07 15:29:04,114] Trial 163 finished with value: 0.16020931456785925 and parameters: {'max_depth': 9, 'gamma': 9, 'max_delta_step': 19, 'min_child_weight': 15, 'learning_rate': 0.09236372056175256, 'subsample': 0.26534393105130566, 'n_estimators': 90}. Best is trial 113 with value: 0.2289092424234367.\n",
      "[I 2025-02-07 15:29:04,472] Trial 164 finished with value: 0.17228850885314706 and parameters: {'max_depth': 10, 'gamma': 3, 'max_delta_step': 20, 'min_child_weight': 14, 'learning_rate': 0.10719958501960981, 'subsample': 0.207314821852033, 'n_estimators': 76}. Best is trial 113 with value: 0.2289092424234367.\n",
      "[I 2025-02-07 15:29:04,770] Trial 165 finished with value: 0.06558064950164744 and parameters: {'max_depth': 16, 'gamma': 2, 'max_delta_step': 13, 'min_child_weight': 16, 'learning_rate': 0.004367588777526195, 'subsample': 0.1296448682772666, 'n_estimators': 99}. Best is trial 113 with value: 0.2289092424234367.\n",
      "[I 2025-02-07 15:29:05,096] Trial 166 finished with value: 0.1657044334595329 and parameters: {'max_depth': 11, 'gamma': 1, 'max_delta_step': 19, 'min_child_weight': 17, 'learning_rate': 0.047478369189175335, 'subsample': 0.17954351304761532, 'n_estimators': 94}. Best is trial 113 with value: 0.2289092424234367.\n",
      "[I 2025-02-07 15:29:05,416] Trial 167 finished with value: 0.15296951014155236 and parameters: {'max_depth': 6, 'gamma': 0, 'max_delta_step': 18, 'min_child_weight': 14, 'learning_rate': 0.12328030989679126, 'subsample': 0.2403768826816174, 'n_estimators': 84}. Best is trial 113 with value: 0.2289092424234367.\n",
      "[I 2025-02-07 15:29:05,767] Trial 168 finished with value: 0.13199239090855786 and parameters: {'max_depth': 9, 'gamma': 1, 'max_delta_step': 17, 'min_child_weight': 15, 'learning_rate': 0.15310187060812736, 'subsample': 0.34138588520071633, 'n_estimators': 103}. Best is trial 113 with value: 0.2289092424234367.\n",
      "[I 2025-02-07 15:29:06,086] Trial 169 finished with value: 0.10752497128368776 and parameters: {'max_depth': 18, 'gamma': 13, 'max_delta_step': 18, 'min_child_weight': 19, 'learning_rate': 0.08270365003868539, 'subsample': 0.1641446147538583, 'n_estimators': 202}. Best is trial 113 with value: 0.2289092424234367.\n",
      "[I 2025-02-07 15:29:06,382] Trial 170 finished with value: 0.10500704333846067 and parameters: {'max_depth': 10, 'gamma': 2, 'max_delta_step': 20, 'min_child_weight': 14, 'learning_rate': 0.17915734623784646, 'subsample': 0.08688175945296824, 'n_estimators': 122}. Best is trial 113 with value: 0.2289092424234367.\n",
      "[I 2025-02-07 15:29:06,779] Trial 171 finished with value: 0.1912460546409751 and parameters: {'max_depth': 16, 'gamma': 0, 'max_delta_step': 14, 'min_child_weight': 18, 'learning_rate': 0.12591745880119193, 'subsample': 0.2836269351417056, 'n_estimators': 115}. Best is trial 113 with value: 0.2289092424234367.\n",
      "[I 2025-02-07 15:29:07,174] Trial 172 finished with value: 0.1784791978453606 and parameters: {'max_depth': 16, 'gamma': 0, 'max_delta_step': 14, 'min_child_weight': 18, 'learning_rate': 0.13118742978383952, 'subsample': 0.11949379739926266, 'n_estimators': 112}. Best is trial 113 with value: 0.2289092424234367.\n",
      "[I 2025-02-07 15:29:07,539] Trial 173 finished with value: 0.2044687031406922 and parameters: {'max_depth': 15, 'gamma': 0, 'max_delta_step': 10, 'min_child_weight': 17, 'learning_rate': 0.10295451677298097, 'subsample': 0.14811193617343427, 'n_estimators': 117}. Best is trial 113 with value: 0.2289092424234367.\n",
      "[I 2025-02-07 15:29:07,923] Trial 174 finished with value: 0.10085560607503308 and parameters: {'max_depth': 16, 'gamma': 0, 'max_delta_step': 14, 'min_child_weight': 17, 'learning_rate': 0.14914414220317151, 'subsample': 0.1445106491097311, 'n_estimators': 119}. Best is trial 113 with value: 0.2289092424234367.\n",
      "[I 2025-02-07 15:29:08,494] Trial 175 finished with value: 0.1688142542255202 and parameters: {'max_depth': 15, 'gamma': 0, 'max_delta_step': 15, 'min_child_weight': 17, 'learning_rate': 0.10346087921608915, 'subsample': 0.10236375003541004, 'n_estimators': 117}. Best is trial 113 with value: 0.2289092424234367.\n",
      "[I 2025-02-07 15:29:08,863] Trial 176 finished with value: 0.14199546691937392 and parameters: {'max_depth': 17, 'gamma': 1, 'max_delta_step': 11, 'min_child_weight': 19, 'learning_rate': 0.19822911837292187, 'subsample': 0.13432803029807128, 'n_estimators': 127}. Best is trial 113 with value: 0.2289092424234367.\n",
      "[I 2025-02-07 15:29:09,276] Trial 177 finished with value: 0.19296542725985044 and parameters: {'max_depth': 14, 'gamma': 0, 'max_delta_step': 10, 'min_child_weight': 18, 'learning_rate': 0.11632323237311316, 'subsample': 0.15981465420827173, 'n_estimators': 106}. Best is trial 113 with value: 0.2289092424234367.\n",
      "[I 2025-02-07 15:29:09,659] Trial 178 finished with value: 0.1490839464688456 and parameters: {'max_depth': 14, 'gamma': 0, 'max_delta_step': 10, 'min_child_weight': 18, 'learning_rate': 0.16781734827970993, 'subsample': 0.15927667046634097, 'n_estimators': 107}. Best is trial 113 with value: 0.2289092424234367.\n",
      "[I 2025-02-07 15:29:10,033] Trial 179 finished with value: 0.22849628109899667 and parameters: {'max_depth': 15, 'gamma': 0, 'max_delta_step': 9, 'min_child_weight': 18, 'learning_rate': 0.12623705341537572, 'subsample': 0.11661220759748947, 'n_estimators': 110}. Best is trial 113 with value: 0.2289092424234367.\n",
      "[I 2025-02-07 15:29:10,500] Trial 180 finished with value: 0.17193858824393005 and parameters: {'max_depth': 15, 'gamma': 0, 'max_delta_step': 9, 'min_child_weight': 18, 'learning_rate': 0.1334548328753175, 'subsample': 0.18580489348015145, 'n_estimators': 108}. Best is trial 113 with value: 0.2289092424234367.\n",
      "[I 2025-02-07 15:29:10,948] Trial 181 finished with value: 0.11363705474362074 and parameters: {'max_depth': 15, 'gamma': 0, 'max_delta_step': 8, 'min_child_weight': 18, 'learning_rate': 0.11127904510620688, 'subsample': 0.12255687878306622, 'n_estimators': 114}. Best is trial 113 with value: 0.2289092424234367.\n",
      "[I 2025-02-07 15:29:11,483] Trial 182 finished with value: 0.1654451783995371 and parameters: {'max_depth': 15, 'gamma': 0, 'max_delta_step': 9, 'min_child_weight': 19, 'learning_rate': 0.15553716318975166, 'subsample': 0.08278436804978649, 'n_estimators': 102}. Best is trial 113 with value: 0.2289092424234367.\n",
      "[I 2025-02-07 15:29:11,841] Trial 183 finished with value: 0.18146451462415103 and parameters: {'max_depth': 14, 'gamma': 7, 'max_delta_step': 10, 'min_child_weight': 17, 'learning_rate': 0.1266608952880876, 'subsample': 0.10843742225353097, 'n_estimators': 121}. Best is trial 113 with value: 0.2289092424234367.\n",
      "[I 2025-02-07 15:29:12,224] Trial 184 finished with value: 0.12474860093118312 and parameters: {'max_depth': 16, 'gamma': 0, 'max_delta_step': 10, 'min_child_weight': 18, 'learning_rate': 0.1837287667264946, 'subsample': 0.15709969882012761, 'n_estimators': 109}. Best is trial 113 with value: 0.2289092424234367.\n",
      "[I 2025-02-07 15:29:12,548] Trial 185 finished with value: 0.20391685624837097 and parameters: {'max_depth': 16, 'gamma': 1, 'max_delta_step': 13, 'min_child_weight': 17, 'learning_rate': 0.09283389813322843, 'subsample': 0.13670772044062932, 'n_estimators': 97}. Best is trial 113 with value: 0.2289092424234367.\n",
      "[I 2025-02-07 15:29:12,869] Trial 186 finished with value: 0.19458286728886787 and parameters: {'max_depth': 15, 'gamma': 1, 'max_delta_step': 8, 'min_child_weight': 17, 'learning_rate': 0.08274711981803509, 'subsample': 0.13729111321397622, 'n_estimators': 98}. Best is trial 113 with value: 0.2289092424234367.\n",
      "[I 2025-02-07 15:29:13,211] Trial 187 finished with value: 0.19885672832968837 and parameters: {'max_depth': 15, 'gamma': 1, 'max_delta_step': 13, 'min_child_weight': 17, 'learning_rate': 0.07679529804677054, 'subsample': 0.14241909659009652, 'n_estimators': 96}. Best is trial 113 with value: 0.2289092424234367.\n",
      "[I 2025-02-07 15:29:13,506] Trial 188 finished with value: 0.1867553210604448 and parameters: {'max_depth': 14, 'gamma': 1, 'max_delta_step': 8, 'min_child_weight': 17, 'learning_rate': 0.07166445127849139, 'subsample': 0.14014863993460586, 'n_estimators': 96}. Best is trial 113 with value: 0.2289092424234367.\n",
      "[I 2025-02-07 15:29:13,934] Trial 189 finished with value: 0.19525408614710682 and parameters: {'max_depth': 14, 'gamma': 1, 'max_delta_step': 8, 'min_child_weight': 17, 'learning_rate': 0.07259437527211379, 'subsample': 0.1411562896687138, 'n_estimators': 100}. Best is trial 113 with value: 0.2289092424234367.\n",
      "[I 2025-02-07 15:29:14,252] Trial 190 finished with value: 0.1760865085323312 and parameters: {'max_depth': 14, 'gamma': 1, 'max_delta_step': 8, 'min_child_weight': 17, 'learning_rate': 0.07926813416777276, 'subsample': 0.13479602509915606, 'n_estimators': 100}. Best is trial 113 with value: 0.2289092424234367.\n",
      "[I 2025-02-07 15:29:14,587] Trial 191 finished with value: 0.1890529973782239 and parameters: {'max_depth': 14, 'gamma': 1, 'max_delta_step': 7, 'min_child_weight': 17, 'learning_rate': 0.07365923255975257, 'subsample': 0.14082885709789342, 'n_estimators': 95}. Best is trial 113 with value: 0.2289092424234367.\n",
      "[I 2025-02-07 15:29:14,949] Trial 192 finished with value: 0.1626218020892627 and parameters: {'max_depth': 13, 'gamma': 1, 'max_delta_step': 7, 'min_child_weight': 17, 'learning_rate': 0.03097611272159789, 'subsample': 0.5124234523945759, 'n_estimators': 106}. Best is trial 113 with value: 0.2289092424234367.\n",
      "[I 2025-02-07 15:29:15,270] Trial 193 finished with value: 0.1733188746197999 and parameters: {'max_depth': 15, 'gamma': 1, 'max_delta_step': 7, 'min_child_weight': 17, 'learning_rate': 0.06295325663208408, 'subsample': 0.17249379266245324, 'n_estimators': 96}. Best is trial 113 with value: 0.2289092424234367.\n",
      "[I 2025-02-07 15:29:15,569] Trial 194 finished with value: 0.1918886785489572 and parameters: {'max_depth': 15, 'gamma': 1, 'max_delta_step': 8, 'min_child_weight': 18, 'learning_rate': 0.0885760626408056, 'subsample': 0.11775911047436315, 'n_estimators': 103}. Best is trial 113 with value: 0.2289092424234367.\n",
      "[I 2025-02-07 15:29:15,901] Trial 195 finished with value: 0.15436546177026167 and parameters: {'max_depth': 13, 'gamma': 1, 'max_delta_step': 6, 'min_child_weight': 18, 'learning_rate': 0.09336851982780867, 'subsample': 0.43720210625944117, 'n_estimators': 103}. Best is trial 113 with value: 0.2289092424234367.\n",
      "[I 2025-02-07 15:29:16,201] Trial 196 finished with value: 0.18644917567767394 and parameters: {'max_depth': 16, 'gamma': 1, 'max_delta_step': 8, 'min_child_weight': 18, 'learning_rate': 0.08957526428125294, 'subsample': 0.1153981949198405, 'n_estimators': 93}. Best is trial 113 with value: 0.2289092424234367.\n",
      "[I 2025-02-07 15:29:16,512] Trial 197 finished with value: 0.208456939454696 and parameters: {'max_depth': 15, 'gamma': 1, 'max_delta_step': 7, 'min_child_weight': 18, 'learning_rate': 0.07064887077867618, 'subsample': 0.14217347519326337, 'n_estimators': 99}. Best is trial 113 with value: 0.2289092424234367.\n",
      "[I 2025-02-07 15:29:16,809] Trial 198 finished with value: 0.18461721274494436 and parameters: {'max_depth': 15, 'gamma': 1, 'max_delta_step': 9, 'min_child_weight': 19, 'learning_rate': 0.10914336802776918, 'subsample': 0.09682080477355082, 'n_estimators': 100}. Best is trial 113 with value: 0.2289092424234367.\n",
      "[I 2025-02-07 15:29:17,137] Trial 199 finished with value: 0.13994526510769612 and parameters: {'max_depth': 15, 'gamma': 1, 'max_delta_step': 8, 'min_child_weight': 18, 'learning_rate': 0.09947591862411313, 'subsample': 0.06773955106662895, 'n_estimators': 105}. Best is trial 113 with value: 0.2289092424234367.\n",
      "[I 2025-02-07 15:29:17,486] Trial 200 finished with value: 0.18310143762591247 and parameters: {'max_depth': 16, 'gamma': 0, 'max_delta_step': 13, 'min_child_weight': 18, 'learning_rate': 0.05901494857648189, 'subsample': 0.12359976851863626, 'n_estimators': 110}. Best is trial 113 with value: 0.2289092424234367.\n",
      "[I 2025-02-07 15:29:17,798] Trial 201 finished with value: 0.2052880213032925 and parameters: {'max_depth': 15, 'gamma': 1, 'max_delta_step': 7, 'min_child_weight': 17, 'learning_rate': 0.07647891465863947, 'subsample': 0.14463677413549947, 'n_estimators': 96}. Best is trial 113 with value: 0.2289092424234367.\n",
