      "[I 2025-02-07 15:29:38,150] Trial 269 finished with value: 0.18983734473308667 and parameters: {'max_depth': 19, 'gamma': 3, 'max_delta_step': 4, 'min_child_weight': 20, 'learning_rate': 0.1167131843628722, 'subsample': 0.19092509296029497, 'n_estimators': 74}. Best is trial 113 with value: 0.2289092424234367.\n",
      "[I 2025-02-07 15:29:38,370] Trial 270 finished with value: 0.20408472276591194 and parameters: {'max_depth': 18, 'gamma': 2, 'max_delta_step': 4, 'min_child_weight': 20, 'learning_rate': 0.11356289820259169, 'subsample': 0.16885196640017663, 'n_estimators': 60}. Best is trial 113 with value: 0.2289092424234367.\n",
      "[I 2025-02-07 15:29:38,617] Trial 271 finished with value: 0.13721273539811019 and parameters: {'max_depth': 17, 'gamma': 2, 'max_delta_step': 2, 'min_child_weight': 20, 'learning_rate': 0.13878539372432858, 'subsample': 0.1840683330556991, 'n_estimators': 64}. Best is trial 113 with value: 0.2289092424234367.\n",
      "[I 2025-02-07 15:29:38,857] Trial 272 finished with value: 0.1922735956439221 and parameters: {'max_depth': 19, 'gamma': 3, 'max_delta_step': 3, 'min_child_weight': 19, 'learning_rate': 0.10731323614121119, 'subsample': 0.15249419955028776, 'n_estimators': 78}. Best is trial 113 with value: 0.2289092424234367.\n",
      "[I 2025-02-07 15:29:39,102] Trial 273 finished with value: 0.20665970691671753 and parameters: {'max_depth': 17, 'gamma': 2, 'max_delta_step': 1, 'min_child_weight': 20, 'learning_rate': 0.08731453379883639, 'subsample': 0.17123911492323057, 'n_estimators': 69}. Best is trial 113 with value: 0.2289092424234367.\n",
      "[I 2025-02-07 15:29:39,394] Trial 274 finished with value: 0.1844942678995365 and parameters: {'max_depth': 20, 'gamma': 2, 'max_delta_step': 2, 'min_child_weight': 20, 'learning_rate': 0.08142508521695876, 'subsample': 0.2030444953993352, 'n_estimators': 70}. Best is trial 113 with value: 0.2289092424234367.\n",
      "[I 2025-02-07 15:29:39,624] Trial 275 finished with value: 0.1924759223251411 and parameters: {'max_depth': 18, 'gamma': 2, 'max_delta_step': 1, 'min_child_weight': 20, 'learning_rate': 0.05524303912023148, 'subsample': 0.16875291661061934, 'n_estimators': 69}. Best is trial 113 with value: 0.2289092424234367.\n",
      "[I 2025-02-07 15:29:39,846] Trial 276 finished with value: 0.1603131481011495 and parameters: {'max_depth': 17, 'gamma': 3, 'max_delta_step': 1, 'min_child_weight': 20, 'learning_rate': 0.13109293332605554, 'subsample': 0.18405974176110723, 'n_estimators': 66}. Best is trial 113 with value: 0.2289092424234367.\n",
      "[I 2025-02-07 15:29:40,943] Trial 277 finished with value: 0.20149356687340314 and parameters: {'max_depth': 17, 'gamma': 2, 'max_delta_step': 1, 'min_child_weight': 19, 'learning_rate': 0.08792679913908477, 'subsample': 0.1717648067091553, 'n_estimators': 74}. Best is trial 113 with value: 0.2289092424234367.\n",
      "[I 2025-02-07 15:29:41,240] Trial 278 finished with value: 0.1973473702469295 and parameters: {'max_depth': 19, 'gamma': 2, 'max_delta_step': 4, 'min_child_weight': 19, 'learning_rate': 0.07164182269353378, 'subsample': 0.16124461005429894, 'n_estimators': 82}. Best is trial 113 with value: 0.2289092424234367.\n",
      "[I 2025-02-07 15:29:41,628] Trial 279 finished with value: 0.20761444545685626 and parameters: {'max_depth': 17, 'gamma': 3, 'max_delta_step': 4, 'min_child_weight': 20, 'learning_rate': 0.15119871712767613, 'subsample': 0.1313362380806789, 'n_estimators': 76}. Best is trial 113 with value: 0.2289092424234367.\n",
      "[I 2025-02-07 15:29:41,873] Trial 280 finished with value: 0.07170181065271974 and parameters: {'max_depth': 17, 'gamma': 3, 'max_delta_step': 4, 'min_child_weight': 20, 'learning_rate': 0.5358721125880194, 'subsample': 0.12846867830920294, 'n_estimators': 75}. Best is trial 113 with value: 0.2289092424234367.\n",
      "[I 2025-02-07 15:29:42,095] Trial 281 finished with value: 0.1820411195899886 and parameters: {'max_depth': 18, 'gamma': 4, 'max_delta_step': 1, 'min_child_weight': 20, 'learning_rate': 0.15565428792938962, 'subsample': 0.12930223842709213, 'n_estimators': 79}. Best is trial 113 with value: 0.2289092424234367.\n",
      "[I 2025-02-07 15:29:42,363] Trial 282 finished with value: 0.12270009999098042 and parameters: {'max_depth': 17, 'gamma': 3, 'max_delta_step': 3, 'min_child_weight': 20, 'learning_rate': 0.14395833966616617, 'subsample': 0.47735083274940227, 'n_estimators': 83}. Best is trial 113 with value: 0.2289092424234367.\n",
      "[I 2025-02-07 15:29:42,714] Trial 283 finished with value: 0.19655575065072795 and parameters: {'max_depth': 17, 'gamma': 2, 'max_delta_step': 4, 'min_child_weight': 20, 'learning_rate': 0.11934906268756673, 'subsample': 0.16210935660209808, 'n_estimators': 65}. Best is trial 113 with value: 0.2289092424234367.\n",
      "[I 2025-02-07 15:29:43,089] Trial 284 finished with value: 0.12295072121976058 and parameters: {'max_depth': 18, 'gamma': 3, 'max_delta_step': 3, 'min_child_weight': 19, 'learning_rate': 0.12655414283027427, 'subsample': 0.21192765445821937, 'n_estimators': 58}. Best is trial 113 with value: 0.2289092424234367.\n",
      "[I 2025-02-07 15:29:43,690] Trial 285 finished with value: 0.23316060139749872 and parameters: {'max_depth': 17, 'gamma': 2, 'max_delta_step': 0, 'min_child_weight': 20, 'learning_rate': 0.1459993640715904, 'subsample': 0.13257544772436078, 'n_estimators': 71}. Best is trial 285 with value: 0.23316060139749872.\n",
      "[I 2025-02-07 15:29:43,936] Trial 286 finished with value: 0.21478565707352937 and parameters: {'max_depth': 17, 'gamma': 2, 'max_delta_step': 2, 'min_child_weight': 20, 'learning_rate': 0.15536190491177213, 'subsample': 0.1598278903682284, 'n_estimators': 70}. Best is trial 285 with value: 0.23316060139749872.\n",
      "[I 2025-02-07 15:29:44,167] Trial 287 finished with value: 0.18811896851926801 and parameters: {'max_depth': 17, 'gamma': 2, 'max_delta_step': 2, 'min_child_weight': 20, 'learning_rate': 0.1409581070508835, 'subsample': 0.191467959380817, 'n_estimators': 70}. Best is trial 285 with value: 0.23316060139749872.\n",
      "[I 2025-02-07 15:29:44,384] Trial 288 finished with value: 0.20180865656777514 and parameters: {'max_depth': 17, 'gamma': 2, 'max_delta_step': 5, 'min_child_weight': 20, 'learning_rate': 0.15289659860368288, 'subsample': 0.16361561576355751, 'n_estimators': 67}. Best is trial 285 with value: 0.23316060139749872.\n",
      "[I 2025-02-07 15:29:44,601] Trial 289 finished with value: 0.13101963355792023 and parameters: {'max_depth': 18, 'gamma': 3, 'max_delta_step': 0, 'min_child_weight': 19, 'learning_rate': 0.15688280071785607, 'subsample': 0.18636213955974062, 'n_estimators': 74}. Best is trial 285 with value: 0.23316060139749872.\n",
      "[I 2025-02-07 15:29:44,844] Trial 290 finished with value: 0.20239875438088484 and parameters: {'max_depth': 18, 'gamma': 2, 'max_delta_step': 0, 'min_child_weight': 20, 'learning_rate': 0.13159950101425388, 'subsample': 0.13726162167958683, 'n_estimators': 77}. Best is trial 285 with value: 0.23316060139749872.\n",
      "[I 2025-02-07 15:29:45,094] Trial 291 finished with value: 0.10655355865655625 and parameters: {'max_depth': 17, 'gamma': 14, 'max_delta_step': 1, 'min_child_weight': 19, 'learning_rate': 0.11484151196057471, 'subsample': 0.16072041634685758, 'n_estimators': 72}. Best is trial 285 with value: 0.23316060139749872.\n",
      "[I 2025-02-07 15:29:45,309] Trial 292 finished with value: 0.05250357519539317 and parameters: {'max_depth': 17, 'gamma': 3, 'max_delta_step': 3, 'min_child_weight': 6, 'learning_rate': 0.16484754000494833, 'subsample': 0.2168591052566604, 'n_estimators': 61}. Best is trial 285 with value: 0.23316060139749872.\n",
      "[I 2025-02-07 15:29:45,554] Trial 293 finished with value: 0.16669589634358495 and parameters: {'max_depth': 17, 'gamma': 2, 'max_delta_step': 5, 'min_child_weight': 20, 'learning_rate': 0.1058457270732246, 'subsample': 0.8679899029435582, 'n_estimators': 84}. Best is trial 285 with value: 0.23316060139749872.\n",
      "[I 2025-02-07 15:29:45,817] Trial 294 finished with value: 0.1984278792655424 and parameters: {'max_depth': 17, 'gamma': 2, 'max_delta_step': 4, 'min_child_weight': 20, 'learning_rate': 0.12938997359437657, 'subsample': 0.13843543306283798, 'n_estimators': 80}. Best is trial 285 with value: 0.23316060139749872.\n",
      "[I 2025-02-07 15:29:46,044] Trial 295 finished with value: 0.18776240581094183 and parameters: {'max_depth': 18, 'gamma': 2, 'max_delta_step': 2, 'min_child_weight': 19, 'learning_rate': 0.14679377708371594, 'subsample': 0.1560684542446538, 'n_estimators': 68}. Best is trial 285 with value: 0.23316060139749872.\n",
      "[I 2025-02-07 15:29:46,267] Trial 296 finished with value: 0.14264852059768185 and parameters: {'max_depth': 17, 'gamma': 2, 'max_delta_step': 4, 'min_child_weight': 20, 'learning_rate': 0.045243343806446734, 'subsample': 0.17724313403177314, 'n_estimators': 53}. Best is trial 285 with value: 0.23316060139749872.\n",
      "[I 2025-02-07 15:29:46,493] Trial 297 finished with value: 0.17817801996181915 and parameters: {'max_depth': 19, 'gamma': 3, 'max_delta_step': 1, 'min_child_weight': 20, 'learning_rate': 0.09650401525790396, 'subsample': 0.13004808189253597, 'n_estimators': 77}. Best is trial 285 with value: 0.23316060139749872.\n",
      "[I 2025-02-07 15:29:46,715] Trial 298 finished with value: 0.1859689152526155 and parameters: {'max_depth': 17, 'gamma': 3, 'max_delta_step': 3, 'min_child_weight': 19, 'learning_rate': 0.06409137403322104, 'subsample': 0.19583067150150435, 'n_estimators': 73}. Best is trial 285 with value: 0.23316060139749872.\n",
      "[I 2025-02-07 15:29:46,980] Trial 299 finished with value: 0.18807222020300995 and parameters: {'max_depth': 16, 'gamma': 2, 'max_delta_step': 2, 'min_child_weight': 20, 'learning_rate': 0.12025107657237649, 'subsample': 0.14805043432017176, 'n_estimators': 85}. Best is trial 285 with value: 0.23316060139749872.\n",
      "[I 2025-02-07 15:29:47,236] Trial 300 finished with value: -0.04784924602725171 and parameters: {'max_depth': 18, 'gamma': 4, 'max_delta_step': 0, 'min_child_weight': 19, 'learning_rate': 0.8965127794834643, 'subsample': 0.12605356392977293, 'n_estimators': 81}. Best is trial 285 with value: 0.23316060139749872.\n",
      "[I 2025-02-07 15:29:47,450] Trial 301 finished with value: 0.08390776055052296 and parameters: {'max_depth': 17, 'gamma': 11, 'max_delta_step': 5, 'min_child_weight': 20, 'learning_rate': 0.08762553225049714, 'subsample': 0.58860204160638, 'n_estimators': 67}. Best is trial 285 with value: 0.23316060139749872.\n",
      "[I 2025-02-07 15:29:47,694] Trial 302 finished with value: 0.2139556212084267 and parameters: {'max_depth': 16, 'gamma': 2, 'max_delta_step': 4, 'min_child_weight': 20, 'learning_rate': 0.11074658569157811, 'subsample': 0.16690395521902507, 'n_estimators': 77}. Best is trial 285 with value: 0.23316060139749872.\n",
      "[I 2025-02-07 15:29:47,943] Trial 303 finished with value: 0.24142673231726142 and parameters: {'max_depth': 16, 'gamma': 2, 'max_delta_step': 4, 'min_child_weight': 20, 'learning_rate': 0.1673266351389645, 'subsample': 0.17794938759715506, 'n_estimators': 74}. Best is trial 303 with value: 0.24142673231726142.\n",
      "[I 2025-02-07 15:29:48,158] Trial 304 finished with value: 0.1294537175466861 and parameters: {'max_depth': 20, 'gamma': 3, 'max_delta_step': 4, 'min_child_weight': 20, 'learning_rate': 0.1741694954674642, 'subsample': 0.22375128464526045, 'n_estimators': 62}. Best is trial 303 with value: 0.24142673231726142.\n",
      "[I 2025-02-07 15:29:48,430] Trial 305 finished with value: 0.22509357821394338 and parameters: {'max_depth': 16, 'gamma': 2, 'max_delta_step': 5, 'min_child_weight': 20, 'learning_rate': 0.1750419338854844, 'subsample': 0.1652129899182215, 'n_estimators': 72}. Best is trial 303 with value: 0.24142673231726142.\n",
      "[I 2025-02-07 15:29:48,673] Trial 306 finished with value: 0.17057681367671385 and parameters: {'max_depth': 16, 'gamma': 3, 'max_delta_step': 4, 'min_child_weight': 20, 'learning_rate': 0.16488485501834782, 'subsample': 0.1953742330600822, 'n_estimators': 73}. Best is trial 303 with value: 0.24142673231726142.\n",
      "[I 2025-02-07 15:29:48,908] Trial 307 finished with value: 0.20591585147935298 and parameters: {'max_depth': 16, 'gamma': 2, 'max_delta_step': 5, 'min_child_weight': 20, 'learning_rate': 0.15001504375634458, 'subsample': 0.14860094538000054, 'n_estimators': 77}. Best is trial 303 with value: 0.24142673231726142.\n",
      "[I 2025-02-07 15:29:49,128] Trial 308 finished with value: 0.1977359941303677 and parameters: {'max_depth': 16, 'gamma': 3, 'max_delta_step': 5, 'min_child_weight': 19, 'learning_rate': 0.19071404917122625, 'subsample': 0.16720117409367558, 'n_estimators': 74}. Best is trial 303 with value: 0.24142673231726142.\n",
      "[I 2025-02-07 15:29:49,362] Trial 309 finished with value: 0.19502292593128412 and parameters: {'max_depth': 16, 'gamma': 2, 'max_delta_step': 4, 'min_child_weight': 20, 'learning_rate': 0.17509031480568646, 'subsample': 0.14028546932921768, 'n_estimators': 77}. Best is trial 303 with value: 0.24142673231726142.\n",
      "[I 2025-02-07 15:29:49,585] Trial 310 finished with value: 0.19135250231786416 and parameters: {'max_depth': 16, 'gamma': 2, 'max_delta_step': 4, 'min_child_weight': 20, 'learning_rate': 0.1478646545567885, 'subsample': 0.15680357836597797, 'n_estimators': 65}. Best is trial 303 with value: 0.24142673231726142.\n",
      "[I 2025-02-07 15:29:49,845] Trial 311 finished with value: -0.5538064775508806 and parameters: {'max_depth': 16, 'gamma': 2, 'max_delta_step': 3, 'min_child_weight': 20, 'learning_rate': 0.8187608671728047, 'subsample': 0.1256467136460972, 'n_estimators': 72}. Best is trial 303 with value: 0.24142673231726142.\n",
      "[I 2025-02-07 15:29:50,081] Trial 312 finished with value: 0.1909532950384818 and parameters: {'max_depth': 16, 'gamma': 3, 'max_delta_step': 5, 'min_child_weight': 19, 'learning_rate': 0.13462833125428936, 'subsample': 0.18189055096876772, 'n_estimators': 86}. Best is trial 303 with value: 0.24142673231726142.\n",
      "[I 2025-02-07 15:29:50,354] Trial 313 finished with value: 0.1801912549461282 and parameters: {'max_depth': 17, 'gamma': 2, 'max_delta_step': 3, 'min_child_weight': 20, 'learning_rate': 0.16286561611720318, 'subsample': 0.20254725241631727, 'n_estimators': 80}. Best is trial 303 with value: 0.24142673231726142.\n",
      "[I 2025-02-07 15:29:50,557] Trial 314 finished with value: 0.018003837428039682 and parameters: {'max_depth': 19, 'gamma': 15, 'max_delta_step': 4, 'min_child_weight': 19, 'learning_rate': 0.12066197693754156, 'subsample': 0.09266057942795958, 'n_estimators': 70}. Best is trial 303 with value: 0.24142673231726142.\n",
      "[I 2025-02-07 15:29:51,057] Trial 315 finished with value: 0.21378194355038715 and parameters: {'max_depth': 16, 'gamma': 3, 'max_delta_step': 5, 'min_child_weight': 20, 'learning_rate': 0.146046937895516, 'subsample': 0.15362853305138735, 'n_estimators': 242}. Best is trial 303 with value: 0.24142673231726142.\n",
      "[I 2025-02-07 15:29:51,311] Trial 316 finished with value: 0.21283148475844937 and parameters: {'max_depth': 16, 'gamma': 2, 'max_delta_step': 5, 'min_child_weight': 20, 'learning_rate': 0.13089312044133933, 'subsample': 0.15841971593791007, 'n_estimators': 88}. Best is trial 303 with value: 0.24142673231726142.\n",
      "[I 2025-02-07 15:29:51,573] Trial 317 finished with value: 0.18551540650654663 and parameters: {'max_depth': 16, 'gamma': 2, 'max_delta_step': 5, 'min_child_weight': 20, 'learning_rate': 0.18881962169875424, 'subsample': 0.1601146738465023, 'n_estimators': 87}. Best is trial 303 with value: 0.24142673231726142.\n",
      "[I 2025-02-07 15:29:51,866] Trial 318 finished with value: 0.16731364286683537 and parameters: {'max_depth': 16, 'gamma': 7, 'max_delta_step': 5, 'min_child_weight': 20, 'learning_rate': 0.14353366769510054, 'subsample': 0.23591154393273445, 'n_estimators': 181}. Best is trial 303 with value: 0.24142673231726142.\n",
      "[I 2025-02-07 15:29:52,257] Trial 319 finished with value: 0.11005415283142272 and parameters: {'max_depth': 16, 'gamma': 2, 'max_delta_step': 5, 'min_child_weight': 20, 'learning_rate': 0.12455050318279753, 'subsample': 0.623274656339082, 'n_estimators': 250}. Best is trial 303 with value: 0.24142673231726142.\n",
      "[I 2025-02-07 15:29:52,726] Trial 320 finished with value: -3.11064141332921 and parameters: {'max_depth': 16, 'gamma': 3, 'max_delta_step': 5, 'min_child_weight': 19, 'learning_rate': 0.9424831775970319, 'subsample': 0.18403261103508983, 'n_estimators': 218}. Best is trial 303 with value: 0.24142673231726142.\n",
      "[I 2025-02-07 15:29:53,198] Trial 321 finished with value: 0.15997606311890344 and parameters: {'max_depth': 16, 'gamma': 4, 'max_delta_step': 5, 'min_child_weight': 20, 'learning_rate': 0.11588028006183382, 'subsample': 0.20941873873041356, 'n_estimators': 234}. Best is trial 303 with value: 0.24142673231726142.\n",
      "[I 2025-02-07 15:29:53,443] Trial 322 finished with value: 0.23772126796078386 and parameters: {'max_depth': 16, 'gamma': 2, 'max_delta_step': 4, 'min_child_weight': 20, 'learning_rate': 0.15890506056996045, 'subsample': 0.1627983857975116, 'n_estimators': 83}. Best is trial 303 with value: 0.24142673231726142.\n",
      "[I 2025-02-07 15:29:53,787] Trial 323 finished with value: 0.1408526143628217 and parameters: {'max_depth': 17, 'gamma': 2, 'max_delta_step': 4, 'min_child_weight': 19, 'learning_rate': 0.17013123285869766, 'subsample': 0.1698858310512856, 'n_estimators': 168}. Best is trial 303 with value: 0.24142673231726142.\n",
      "[I 2025-02-07 15:29:54,015] Trial 324 finished with value: 0.1962568593972357 and parameters: {'max_depth': 18, 'gamma': 3, 'max_delta_step': 3, 'min_child_weight': 20, 'learning_rate': 0.18019942002208356, 'subsample': 0.19262214127031274, 'n_estimators': 84}. Best is trial 303 with value: 0.24142673231726142.\n",
      "[I 2025-02-07 15:29:54,381] Trial 325 finished with value: 0.1731053235255654 and parameters: {'max_depth': 19, 'gamma': 2, 'max_delta_step': 4, 'min_child_weight': 20, 'learning_rate': 0.20314835373107396, 'subsample': 0.15643436991612525, 'n_estimators': 188}. Best is trial 303 with value: 0.24142673231726142.\n",
      "[I 2025-02-07 15:29:54,633] Trial 326 finished with value: -0.051217286753817426 and parameters: {'max_depth': 16, 'gamma': 3, 'max_delta_step': 4, 'min_child_weight': 20, 'learning_rate': 0.6542598446680745, 'subsample': 0.16869548279648627, 'n_estimators': 87}. Best is trial 303 with value: 0.24142673231726142.\n",
      "[I 2025-02-07 15:29:54,857] Trial 327 finished with value: 0.15304441372153188 and parameters: {'max_depth': 16, 'gamma': 5, 'max_delta_step': 3, 'min_child_weight': 19, 'learning_rate': 0.13790808851178288, 'subsample': 0.15197738632322108, 'n_estimators': 82}. Best is trial 303 with value: 0.24142673231726142.\n",
      "[I 2025-02-07 15:29:55,051] Trial 328 finished with value: 0.08413952388589863 and parameters: {'max_depth': 17, 'gamma': 16, 'max_delta_step': 5, 'min_child_weight': 20, 'learning_rate': 0.16330877466153076, 'subsample': 0.18013822877726043, 'n_estimators': 62}. Best is trial 303 with value: 0.24142673231726142.\n",
      "[I 2025-02-07 15:29:55,362] Trial 329 finished with value: 0.1788599120164749 and parameters: {'max_depth': 16, 'gamma': 2, 'max_delta_step': 4, 'min_child_weight': 19, 'learning_rate': 0.15065911513271382, 'subsample': 0.2097706014246942, 'n_estimators': 89}. Best is trial 303 with value: 0.24142673231726142.\n",
      "[I 2025-02-07 15:29:55,592] Trial 330 finished with value: 0.14412261599828347 and parameters: {'max_depth': 18, 'gamma': 2, 'max_delta_step': 5, 'min_child_weight': 20, 'learning_rate': 0.12353918731867648, 'subsample': 0.9695296006271643, 'n_estimators': 78}. Best is trial 303 with value: 0.24142673231726142.\n",
      "[I 2025-02-07 15:29:55,872] Trial 331 finished with value: 0.19701374988321363 and parameters: {'max_depth': 17, 'gamma': 2, 'max_delta_step': 4, 'min_child_weight': 20, 'learning_rate': 0.14480094134459287, 'subsample': 0.14425218933315853, 'n_estimators': 71}. Best is trial 303 with value: 0.24142673231726142.\n",
      "[I 2025-02-07 15:29:56,175] Trial 332 finished with value: 0.1708008156425863 and parameters: {'max_depth': 15, 'gamma': 2, 'max_delta_step': 3, 'min_child_weight': 19, 'learning_rate': 0.16741265823134985, 'subsample': 0.11187753942093706, 'n_estimators': 57}. Best is trial 303 with value: 0.24142673231726142.\n",
      "[I 2025-02-07 15:29:56,412] Trial 333 finished with value: 0.15974410667758498 and parameters: {'max_depth': 18, 'gamma': 3, 'max_delta_step': 5, 'min_child_weight': 20, 'learning_rate': 0.13235807217658496, 'subsample': 0.1885121756198406, 'n_estimators': 82}. Best is trial 303 with value: 0.24142673231726142.\n",
      "[I 2025-02-07 15:29:56,637] Trial 334 finished with value: 0.19332050828422231 and parameters: {'max_depth': 16, 'gamma': 3, 'max_delta_step': 4, 'min_child_weight': 19, 'learning_rate': 0.1138186875597747, 'subsample': 0.15745531221021508, 'n_estimators': 66}. Best is trial 303 with value: 0.24142673231726142.\n",
      "[I 2025-02-07 15:29:57,015] Trial 335 finished with value: 0.18283449697783505 and parameters: {'max_depth': 17, 'gamma': 2, 'max_delta_step': 4, 'min_child_weight': 20, 'learning_rate': 0.13814546071217176, 'subsample': 0.13226428504690307, 'n_estimators': 202}. Best is trial 303 with value: 0.24142673231726142.\n",
